[2022-10-18 04:50:36,994] {processor.py:163} INFO - Started process (PID=39) to work on /opt/airflow/dags/data_ingestion_gcs_dag.py
[2022-10-18 04:50:36,996] {processor.py:642} INFO - Processing file /opt/airflow/dags/data_ingestion_gcs_dag.py for tasks to queue
[2022-10-18 04:50:36,997] {logging_mixin.py:109} INFO - [2022-10-18 04:50:36,996] {dagbag.py:500} INFO - Filling up the DagBag from /opt/airflow/dags/data_ingestion_gcs_dag.py
[2022-10-18 04:50:40,035] {processor.py:654} INFO - DAG(s) dict_keys(['data_ingestion_gcs_dag']) retrieved from /opt/airflow/dags/data_ingestion_gcs_dag.py
[2022-10-18 04:50:40,048] {logging_mixin.py:109} INFO - [2022-10-18 04:50:40,048] {dag.py:2396} INFO - Sync 1 DAGs
[2022-10-18 04:50:40,083] {processor.py:171} INFO - Processing /opt/airflow/dags/data_ingestion_gcs_dag.py took 3.096 seconds
[2022-10-18 04:51:10,300] {processor.py:163} INFO - Started process (PID=75) to work on /opt/airflow/dags/data_ingestion_gcs_dag.py
[2022-10-18 04:51:10,301] {processor.py:642} INFO - Processing file /opt/airflow/dags/data_ingestion_gcs_dag.py for tasks to queue
[2022-10-18 04:51:10,303] {logging_mixin.py:109} INFO - [2022-10-18 04:51:10,303] {dagbag.py:500} INFO - Filling up the DagBag from /opt/airflow/dags/data_ingestion_gcs_dag.py
[2022-10-18 04:51:11,487] {processor.py:654} INFO - DAG(s) dict_keys(['data_ingestion_gcs_dag']) retrieved from /opt/airflow/dags/data_ingestion_gcs_dag.py
[2022-10-18 04:51:11,497] {logging_mixin.py:109} INFO - [2022-10-18 04:51:11,497] {dag.py:2396} INFO - Sync 1 DAGs
[2022-10-18 04:51:11,525] {processor.py:171} INFO - Processing /opt/airflow/dags/data_ingestion_gcs_dag.py took 1.229 seconds
[2022-10-18 04:51:41,751] {processor.py:163} INFO - Started process (PID=127) to work on /opt/airflow/dags/data_ingestion_gcs_dag.py
[2022-10-18 04:51:41,754] {processor.py:642} INFO - Processing file /opt/airflow/dags/data_ingestion_gcs_dag.py for tasks to queue
[2022-10-18 04:51:41,756] {logging_mixin.py:109} INFO - [2022-10-18 04:51:41,756] {dagbag.py:500} INFO - Filling up the DagBag from /opt/airflow/dags/data_ingestion_gcs_dag.py
[2022-10-18 04:51:43,470] {processor.py:654} INFO - DAG(s) dict_keys(['data_ingestion_gcs_dag']) retrieved from /opt/airflow/dags/data_ingestion_gcs_dag.py
[2022-10-18 04:51:43,487] {logging_mixin.py:109} INFO - [2022-10-18 04:51:43,486] {dag.py:2396} INFO - Sync 1 DAGs
[2022-10-18 04:51:43,529] {processor.py:171} INFO - Processing /opt/airflow/dags/data_ingestion_gcs_dag.py took 1.784 seconds
[2022-10-18 04:52:13,734] {processor.py:163} INFO - Started process (PID=163) to work on /opt/airflow/dags/data_ingestion_gcs_dag.py
[2022-10-18 04:52:13,739] {processor.py:642} INFO - Processing file /opt/airflow/dags/data_ingestion_gcs_dag.py for tasks to queue
[2022-10-18 04:52:13,741] {logging_mixin.py:109} INFO - [2022-10-18 04:52:13,741] {dagbag.py:500} INFO - Filling up the DagBag from /opt/airflow/dags/data_ingestion_gcs_dag.py
[2022-10-18 04:52:14,700] {processor.py:654} INFO - DAG(s) dict_keys(['data_ingestion_gcs_dag']) retrieved from /opt/airflow/dags/data_ingestion_gcs_dag.py
[2022-10-18 04:52:14,709] {logging_mixin.py:109} INFO - [2022-10-18 04:52:14,709] {dag.py:2396} INFO - Sync 1 DAGs
[2022-10-18 04:52:14,726] {logging_mixin.py:109} INFO - [2022-10-18 04:52:14,726] {dag.py:2935} INFO - Setting next_dagrun for data_ingestion_gcs_dag to 2022-10-17 00:00:00+00:00
[2022-10-18 04:52:14,741] {processor.py:171} INFO - Processing /opt/airflow/dags/data_ingestion_gcs_dag.py took 1.011 seconds
[2022-10-18 04:52:44,981] {processor.py:163} INFO - Started process (PID=209) to work on /opt/airflow/dags/data_ingestion_gcs_dag.py
[2022-10-18 04:52:44,982] {processor.py:642} INFO - Processing file /opt/airflow/dags/data_ingestion_gcs_dag.py for tasks to queue
[2022-10-18 04:52:44,983] {logging_mixin.py:109} INFO - [2022-10-18 04:52:44,983] {dagbag.py:500} INFO - Filling up the DagBag from /opt/airflow/dags/data_ingestion_gcs_dag.py
[2022-10-18 04:52:45,827] {processor.py:654} INFO - DAG(s) dict_keys(['data_ingestion_gcs_dag']) retrieved from /opt/airflow/dags/data_ingestion_gcs_dag.py
[2022-10-18 04:52:45,837] {logging_mixin.py:109} INFO - [2022-10-18 04:52:45,836] {dag.py:2396} INFO - Sync 1 DAGs
[2022-10-18 04:52:45,857] {logging_mixin.py:109} INFO - [2022-10-18 04:52:45,857] {dag.py:2935} INFO - Setting next_dagrun for data_ingestion_gcs_dag to 2022-10-18T00:00:00+00:00
[2022-10-18 04:52:45,871] {processor.py:171} INFO - Processing /opt/airflow/dags/data_ingestion_gcs_dag.py took 0.897 seconds
[2022-10-18 04:53:16,115] {processor.py:163} INFO - Started process (PID=245) to work on /opt/airflow/dags/data_ingestion_gcs_dag.py
[2022-10-18 04:53:16,116] {processor.py:642} INFO - Processing file /opt/airflow/dags/data_ingestion_gcs_dag.py for tasks to queue
[2022-10-18 04:53:16,118] {logging_mixin.py:109} INFO - [2022-10-18 04:53:16,118] {dagbag.py:500} INFO - Filling up the DagBag from /opt/airflow/dags/data_ingestion_gcs_dag.py
[2022-10-18 04:53:17,046] {processor.py:654} INFO - DAG(s) dict_keys(['data_ingestion_gcs_dag']) retrieved from /opt/airflow/dags/data_ingestion_gcs_dag.py
[2022-10-18 04:53:17,058] {logging_mixin.py:109} INFO - [2022-10-18 04:53:17,057] {dag.py:2396} INFO - Sync 1 DAGs
[2022-10-18 04:53:17,078] {logging_mixin.py:109} INFO - [2022-10-18 04:53:17,078] {dag.py:2935} INFO - Setting next_dagrun for data_ingestion_gcs_dag to 2022-10-18T00:00:00+00:00
[2022-10-18 04:53:17,093] {processor.py:171} INFO - Processing /opt/airflow/dags/data_ingestion_gcs_dag.py took 0.982 seconds
[2022-10-18 04:53:47,333] {processor.py:163} INFO - Started process (PID=290) to work on /opt/airflow/dags/data_ingestion_gcs_dag.py
[2022-10-18 04:53:47,334] {processor.py:642} INFO - Processing file /opt/airflow/dags/data_ingestion_gcs_dag.py for tasks to queue
[2022-10-18 04:53:47,336] {logging_mixin.py:109} INFO - [2022-10-18 04:53:47,336] {dagbag.py:500} INFO - Filling up the DagBag from /opt/airflow/dags/data_ingestion_gcs_dag.py
[2022-10-18 04:53:48,186] {processor.py:654} INFO - DAG(s) dict_keys(['data_ingestion_gcs_dag']) retrieved from /opt/airflow/dags/data_ingestion_gcs_dag.py
[2022-10-18 04:53:48,200] {logging_mixin.py:109} INFO - [2022-10-18 04:53:48,199] {dag.py:2396} INFO - Sync 1 DAGs
[2022-10-18 04:53:48,221] {logging_mixin.py:109} INFO - [2022-10-18 04:53:48,221] {dag.py:2935} INFO - Setting next_dagrun for data_ingestion_gcs_dag to 2022-10-18T00:00:00+00:00
[2022-10-18 04:53:48,237] {processor.py:171} INFO - Processing /opt/airflow/dags/data_ingestion_gcs_dag.py took 0.908 seconds
[2022-10-18 04:54:18,450] {processor.py:163} INFO - Started process (PID=326) to work on /opt/airflow/dags/data_ingestion_gcs_dag.py
[2022-10-18 04:54:18,452] {processor.py:642} INFO - Processing file /opt/airflow/dags/data_ingestion_gcs_dag.py for tasks to queue
[2022-10-18 04:54:18,453] {logging_mixin.py:109} INFO - [2022-10-18 04:54:18,453] {dagbag.py:500} INFO - Filling up the DagBag from /opt/airflow/dags/data_ingestion_gcs_dag.py
[2022-10-18 04:54:19,363] {processor.py:654} INFO - DAG(s) dict_keys(['data_ingestion_gcs_dag']) retrieved from /opt/airflow/dags/data_ingestion_gcs_dag.py
[2022-10-18 04:54:19,374] {logging_mixin.py:109} INFO - [2022-10-18 04:54:19,374] {dag.py:2396} INFO - Sync 1 DAGs
[2022-10-18 04:54:19,396] {logging_mixin.py:109} INFO - [2022-10-18 04:54:19,396] {dag.py:2935} INFO - Setting next_dagrun for data_ingestion_gcs_dag to 2022-10-18T00:00:00+00:00
[2022-10-18 04:54:19,409] {processor.py:171} INFO - Processing /opt/airflow/dags/data_ingestion_gcs_dag.py took 0.963 seconds
[2022-10-18 04:54:49,681] {processor.py:163} INFO - Started process (PID=371) to work on /opt/airflow/dags/data_ingestion_gcs_dag.py
[2022-10-18 04:54:49,683] {processor.py:642} INFO - Processing file /opt/airflow/dags/data_ingestion_gcs_dag.py for tasks to queue
[2022-10-18 04:54:49,685] {logging_mixin.py:109} INFO - [2022-10-18 04:54:49,684] {dagbag.py:500} INFO - Filling up the DagBag from /opt/airflow/dags/data_ingestion_gcs_dag.py
[2022-10-18 04:54:50,491] {processor.py:654} INFO - DAG(s) dict_keys(['data_ingestion_gcs_dag']) retrieved from /opt/airflow/dags/data_ingestion_gcs_dag.py
[2022-10-18 04:54:50,499] {logging_mixin.py:109} INFO - [2022-10-18 04:54:50,499] {dag.py:2396} INFO - Sync 1 DAGs
[2022-10-18 04:54:50,515] {logging_mixin.py:109} INFO - [2022-10-18 04:54:50,515] {dag.py:2935} INFO - Setting next_dagrun for data_ingestion_gcs_dag to 2022-10-18T00:00:00+00:00
[2022-10-18 04:54:50,531] {processor.py:171} INFO - Processing /opt/airflow/dags/data_ingestion_gcs_dag.py took 0.853 seconds
[2022-10-18 04:55:20,771] {processor.py:163} INFO - Started process (PID=407) to work on /opt/airflow/dags/data_ingestion_gcs_dag.py
[2022-10-18 04:55:20,772] {processor.py:642} INFO - Processing file /opt/airflow/dags/data_ingestion_gcs_dag.py for tasks to queue
[2022-10-18 04:55:20,773] {logging_mixin.py:109} INFO - [2022-10-18 04:55:20,773] {dagbag.py:500} INFO - Filling up the DagBag from /opt/airflow/dags/data_ingestion_gcs_dag.py
[2022-10-18 04:55:21,654] {processor.py:654} INFO - DAG(s) dict_keys(['data_ingestion_gcs_dag']) retrieved from /opt/airflow/dags/data_ingestion_gcs_dag.py
[2022-10-18 04:55:21,666] {logging_mixin.py:109} INFO - [2022-10-18 04:55:21,665] {dag.py:2396} INFO - Sync 1 DAGs
[2022-10-18 04:55:21,695] {logging_mixin.py:109} INFO - [2022-10-18 04:55:21,694] {dag.py:2935} INFO - Setting next_dagrun for data_ingestion_gcs_dag to 2022-10-18T00:00:00+00:00
[2022-10-18 04:55:21,710] {processor.py:171} INFO - Processing /opt/airflow/dags/data_ingestion_gcs_dag.py took 0.943 seconds
[2022-10-18 04:55:52,082] {processor.py:163} INFO - Started process (PID=452) to work on /opt/airflow/dags/data_ingestion_gcs_dag.py
[2022-10-18 04:55:52,083] {processor.py:642} INFO - Processing file /opt/airflow/dags/data_ingestion_gcs_dag.py for tasks to queue
[2022-10-18 04:55:52,085] {logging_mixin.py:109} INFO - [2022-10-18 04:55:52,085] {dagbag.py:500} INFO - Filling up the DagBag from /opt/airflow/dags/data_ingestion_gcs_dag.py
[2022-10-18 04:55:53,073] {processor.py:654} INFO - DAG(s) dict_keys(['data_ingestion_gcs_dag']) retrieved from /opt/airflow/dags/data_ingestion_gcs_dag.py
[2022-10-18 04:55:53,087] {logging_mixin.py:109} INFO - [2022-10-18 04:55:53,087] {dag.py:2396} INFO - Sync 1 DAGs
[2022-10-18 04:55:53,112] {logging_mixin.py:109} INFO - [2022-10-18 04:55:53,112] {dag.py:2935} INFO - Setting next_dagrun for data_ingestion_gcs_dag to 2022-10-18T00:00:00+00:00
[2022-10-18 04:55:53,128] {processor.py:171} INFO - Processing /opt/airflow/dags/data_ingestion_gcs_dag.py took 1.049 seconds
[2022-10-18 04:56:23,365] {processor.py:163} INFO - Started process (PID=488) to work on /opt/airflow/dags/data_ingestion_gcs_dag.py
[2022-10-18 04:56:23,367] {processor.py:642} INFO - Processing file /opt/airflow/dags/data_ingestion_gcs_dag.py for tasks to queue
[2022-10-18 04:56:23,369] {logging_mixin.py:109} INFO - [2022-10-18 04:56:23,369] {dagbag.py:500} INFO - Filling up the DagBag from /opt/airflow/dags/data_ingestion_gcs_dag.py
[2022-10-18 04:56:24,216] {processor.py:654} INFO - DAG(s) dict_keys(['data_ingestion_gcs_dag']) retrieved from /opt/airflow/dags/data_ingestion_gcs_dag.py
[2022-10-18 04:56:24,229] {logging_mixin.py:109} INFO - [2022-10-18 04:56:24,228] {dag.py:2396} INFO - Sync 1 DAGs
[2022-10-18 04:56:24,252] {logging_mixin.py:109} INFO - [2022-10-18 04:56:24,252] {dag.py:2935} INFO - Setting next_dagrun for data_ingestion_gcs_dag to 2022-10-18T00:00:00+00:00
[2022-10-18 04:56:24,266] {processor.py:171} INFO - Processing /opt/airflow/dags/data_ingestion_gcs_dag.py took 0.904 seconds
[2022-10-18 04:56:54,487] {processor.py:163} INFO - Started process (PID=533) to work on /opt/airflow/dags/data_ingestion_gcs_dag.py
[2022-10-18 04:56:54,489] {processor.py:642} INFO - Processing file /opt/airflow/dags/data_ingestion_gcs_dag.py for tasks to queue
[2022-10-18 04:56:54,490] {logging_mixin.py:109} INFO - [2022-10-18 04:56:54,490] {dagbag.py:500} INFO - Filling up the DagBag from /opt/airflow/dags/data_ingestion_gcs_dag.py
[2022-10-18 04:56:55,440] {processor.py:654} INFO - DAG(s) dict_keys(['data_ingestion_gcs_dag']) retrieved from /opt/airflow/dags/data_ingestion_gcs_dag.py
[2022-10-18 04:56:55,451] {logging_mixin.py:109} INFO - [2022-10-18 04:56:55,451] {dag.py:2396} INFO - Sync 1 DAGs
[2022-10-18 04:56:55,470] {logging_mixin.py:109} INFO - [2022-10-18 04:56:55,469] {dag.py:2935} INFO - Setting next_dagrun for data_ingestion_gcs_dag to 2022-10-18T00:00:00+00:00
[2022-10-18 04:56:55,483] {processor.py:171} INFO - Processing /opt/airflow/dags/data_ingestion_gcs_dag.py took 1.000 seconds
[2022-10-18 04:57:25,704] {processor.py:163} INFO - Started process (PID=569) to work on /opt/airflow/dags/data_ingestion_gcs_dag.py
[2022-10-18 04:57:25,705] {processor.py:642} INFO - Processing file /opt/airflow/dags/data_ingestion_gcs_dag.py for tasks to queue
[2022-10-18 04:57:25,706] {logging_mixin.py:109} INFO - [2022-10-18 04:57:25,706] {dagbag.py:500} INFO - Filling up the DagBag from /opt/airflow/dags/data_ingestion_gcs_dag.py
[2022-10-18 04:57:26,533] {processor.py:654} INFO - DAG(s) dict_keys(['data_ingestion_gcs_dag']) retrieved from /opt/airflow/dags/data_ingestion_gcs_dag.py
[2022-10-18 04:57:26,541] {logging_mixin.py:109} INFO - [2022-10-18 04:57:26,541] {dag.py:2396} INFO - Sync 1 DAGs
[2022-10-18 04:57:26,561] {logging_mixin.py:109} INFO - [2022-10-18 04:57:26,561] {dag.py:2935} INFO - Setting next_dagrun for data_ingestion_gcs_dag to 2022-10-18T00:00:00+00:00
[2022-10-18 04:57:26,571] {processor.py:171} INFO - Processing /opt/airflow/dags/data_ingestion_gcs_dag.py took 0.871 seconds
[2022-10-18 04:57:56,765] {processor.py:163} INFO - Started process (PID=615) to work on /opt/airflow/dags/data_ingestion_gcs_dag.py
[2022-10-18 04:57:56,766] {processor.py:642} INFO - Processing file /opt/airflow/dags/data_ingestion_gcs_dag.py for tasks to queue
[2022-10-18 04:57:56,768] {logging_mixin.py:109} INFO - [2022-10-18 04:57:56,768] {dagbag.py:500} INFO - Filling up the DagBag from /opt/airflow/dags/data_ingestion_gcs_dag.py
[2022-10-18 04:57:57,608] {processor.py:654} INFO - DAG(s) dict_keys(['data_ingestion_gcs_dag']) retrieved from /opt/airflow/dags/data_ingestion_gcs_dag.py
[2022-10-18 04:57:57,619] {logging_mixin.py:109} INFO - [2022-10-18 04:57:57,618] {dag.py:2396} INFO - Sync 1 DAGs
[2022-10-18 04:57:57,636] {logging_mixin.py:109} INFO - [2022-10-18 04:57:57,636] {dag.py:2935} INFO - Setting next_dagrun for data_ingestion_gcs_dag to 2022-10-18T00:00:00+00:00
[2022-10-18 04:57:57,648] {processor.py:171} INFO - Processing /opt/airflow/dags/data_ingestion_gcs_dag.py took 0.886 seconds
[2022-10-18 04:58:27,853] {processor.py:163} INFO - Started process (PID=651) to work on /opt/airflow/dags/data_ingestion_gcs_dag.py
[2022-10-18 04:58:27,854] {processor.py:642} INFO - Processing file /opt/airflow/dags/data_ingestion_gcs_dag.py for tasks to queue
[2022-10-18 04:58:27,856] {logging_mixin.py:109} INFO - [2022-10-18 04:58:27,856] {dagbag.py:500} INFO - Filling up the DagBag from /opt/airflow/dags/data_ingestion_gcs_dag.py
[2022-10-18 04:58:28,877] {processor.py:654} INFO - DAG(s) dict_keys(['data_ingestion_gcs_dag']) retrieved from /opt/airflow/dags/data_ingestion_gcs_dag.py
[2022-10-18 04:58:28,886] {logging_mixin.py:109} INFO - [2022-10-18 04:58:28,886] {dag.py:2396} INFO - Sync 1 DAGs
[2022-10-18 04:58:28,903] {logging_mixin.py:109} INFO - [2022-10-18 04:58:28,903] {dag.py:2935} INFO - Setting next_dagrun for data_ingestion_gcs_dag to 2022-10-18T00:00:00+00:00
[2022-10-18 04:58:28,916] {processor.py:171} INFO - Processing /opt/airflow/dags/data_ingestion_gcs_dag.py took 1.068 seconds
[2022-10-18 04:58:59,059] {processor.py:163} INFO - Started process (PID=696) to work on /opt/airflow/dags/data_ingestion_gcs_dag.py
[2022-10-18 04:58:59,060] {processor.py:642} INFO - Processing file /opt/airflow/dags/data_ingestion_gcs_dag.py for tasks to queue
[2022-10-18 04:58:59,062] {logging_mixin.py:109} INFO - [2022-10-18 04:58:59,061] {dagbag.py:500} INFO - Filling up the DagBag from /opt/airflow/dags/data_ingestion_gcs_dag.py
[2022-10-18 04:59:00,034] {processor.py:654} INFO - DAG(s) dict_keys(['data_ingestion_gcs_dag']) retrieved from /opt/airflow/dags/data_ingestion_gcs_dag.py
[2022-10-18 04:59:00,044] {logging_mixin.py:109} INFO - [2022-10-18 04:59:00,044] {dag.py:2396} INFO - Sync 1 DAGs
[2022-10-18 04:59:00,062] {logging_mixin.py:109} INFO - [2022-10-18 04:59:00,062] {dag.py:2935} INFO - Setting next_dagrun for data_ingestion_gcs_dag to 2022-10-18T00:00:00+00:00
[2022-10-18 04:59:00,075] {processor.py:171} INFO - Processing /opt/airflow/dags/data_ingestion_gcs_dag.py took 1.020 seconds
[2022-10-18 04:59:30,268] {processor.py:163} INFO - Started process (PID=732) to work on /opt/airflow/dags/data_ingestion_gcs_dag.py
[2022-10-18 04:59:30,270] {processor.py:642} INFO - Processing file /opt/airflow/dags/data_ingestion_gcs_dag.py for tasks to queue
[2022-10-18 04:59:30,271] {logging_mixin.py:109} INFO - [2022-10-18 04:59:30,271] {dagbag.py:500} INFO - Filling up the DagBag from /opt/airflow/dags/data_ingestion_gcs_dag.py
[2022-10-18 04:59:31,340] {processor.py:654} INFO - DAG(s) dict_keys(['data_ingestion_gcs_dag']) retrieved from /opt/airflow/dags/data_ingestion_gcs_dag.py
[2022-10-18 04:59:31,353] {logging_mixin.py:109} INFO - [2022-10-18 04:59:31,353] {dag.py:2396} INFO - Sync 1 DAGs
[2022-10-18 04:59:31,374] {logging_mixin.py:109} INFO - [2022-10-18 04:59:31,374] {dag.py:2935} INFO - Setting next_dagrun for data_ingestion_gcs_dag to 2022-10-18T00:00:00+00:00
[2022-10-18 04:59:31,389] {processor.py:171} INFO - Processing /opt/airflow/dags/data_ingestion_gcs_dag.py took 1.124 seconds
[2022-10-18 05:00:01,573] {processor.py:163} INFO - Started process (PID=777) to work on /opt/airflow/dags/data_ingestion_gcs_dag.py
[2022-10-18 05:00:01,575] {processor.py:642} INFO - Processing file /opt/airflow/dags/data_ingestion_gcs_dag.py for tasks to queue
[2022-10-18 05:00:01,577] {logging_mixin.py:109} INFO - [2022-10-18 05:00:01,577] {dagbag.py:500} INFO - Filling up the DagBag from /opt/airflow/dags/data_ingestion_gcs_dag.py
[2022-10-18 05:00:02,628] {processor.py:654} INFO - DAG(s) dict_keys(['data_ingestion_gcs_dag']) retrieved from /opt/airflow/dags/data_ingestion_gcs_dag.py
[2022-10-18 05:00:02,649] {logging_mixin.py:109} INFO - [2022-10-18 05:00:02,649] {dag.py:2396} INFO - Sync 1 DAGs
[2022-10-18 05:00:02,689] {logging_mixin.py:109} INFO - [2022-10-18 05:00:02,689] {dag.py:2935} INFO - Setting next_dagrun for data_ingestion_gcs_dag to 2022-10-18T00:00:00+00:00
[2022-10-18 05:00:02,736] {processor.py:171} INFO - Processing /opt/airflow/dags/data_ingestion_gcs_dag.py took 1.167 seconds
[2022-10-18 05:00:32,804] {processor.py:163} INFO - Started process (PID=813) to work on /opt/airflow/dags/data_ingestion_gcs_dag.py
[2022-10-18 05:00:32,806] {processor.py:642} INFO - Processing file /opt/airflow/dags/data_ingestion_gcs_dag.py for tasks to queue
[2022-10-18 05:00:32,807] {logging_mixin.py:109} INFO - [2022-10-18 05:00:32,807] {dagbag.py:500} INFO - Filling up the DagBag from /opt/airflow/dags/data_ingestion_gcs_dag.py
[2022-10-18 05:00:34,144] {processor.py:654} INFO - DAG(s) dict_keys(['data_ingestion_gcs_dag']) retrieved from /opt/airflow/dags/data_ingestion_gcs_dag.py
[2022-10-18 05:00:34,158] {logging_mixin.py:109} INFO - [2022-10-18 05:00:34,157] {dag.py:2396} INFO - Sync 1 DAGs
[2022-10-18 05:00:34,183] {logging_mixin.py:109} INFO - [2022-10-18 05:00:34,183] {dag.py:2935} INFO - Setting next_dagrun for data_ingestion_gcs_dag to 2022-10-18T00:00:00+00:00
[2022-10-18 05:00:34,205] {processor.py:171} INFO - Processing /opt/airflow/dags/data_ingestion_gcs_dag.py took 1.405 seconds
[2022-10-18 05:01:04,493] {processor.py:163} INFO - Started process (PID=858) to work on /opt/airflow/dags/data_ingestion_gcs_dag.py
[2022-10-18 05:01:04,495] {processor.py:642} INFO - Processing file /opt/airflow/dags/data_ingestion_gcs_dag.py for tasks to queue
[2022-10-18 05:01:04,497] {logging_mixin.py:109} INFO - [2022-10-18 05:01:04,496] {dagbag.py:500} INFO - Filling up the DagBag from /opt/airflow/dags/data_ingestion_gcs_dag.py
[2022-10-18 05:01:05,417] {processor.py:654} INFO - DAG(s) dict_keys(['data_ingestion_gcs_dag']) retrieved from /opt/airflow/dags/data_ingestion_gcs_dag.py
[2022-10-18 05:01:05,429] {logging_mixin.py:109} INFO - [2022-10-18 05:01:05,428] {dag.py:2396} INFO - Sync 1 DAGs
[2022-10-18 05:01:05,449] {logging_mixin.py:109} INFO - [2022-10-18 05:01:05,449] {dag.py:2935} INFO - Setting next_dagrun for data_ingestion_gcs_dag to 2022-10-18T00:00:00+00:00
[2022-10-18 05:01:05,463] {processor.py:171} INFO - Processing /opt/airflow/dags/data_ingestion_gcs_dag.py took 0.974 seconds
[2022-10-18 05:01:35,713] {processor.py:163} INFO - Started process (PID=894) to work on /opt/airflow/dags/data_ingestion_gcs_dag.py
[2022-10-18 05:01:35,715] {processor.py:642} INFO - Processing file /opt/airflow/dags/data_ingestion_gcs_dag.py for tasks to queue
[2022-10-18 05:01:35,716] {logging_mixin.py:109} INFO - [2022-10-18 05:01:35,716] {dagbag.py:500} INFO - Filling up the DagBag from /opt/airflow/dags/data_ingestion_gcs_dag.py
[2022-10-18 05:01:36,591] {processor.py:654} INFO - DAG(s) dict_keys(['data_ingestion_gcs_dag']) retrieved from /opt/airflow/dags/data_ingestion_gcs_dag.py
[2022-10-18 05:01:36,602] {logging_mixin.py:109} INFO - [2022-10-18 05:01:36,602] {dag.py:2396} INFO - Sync 1 DAGs
[2022-10-18 05:01:36,619] {logging_mixin.py:109} INFO - [2022-10-18 05:01:36,619] {dag.py:2935} INFO - Setting next_dagrun for data_ingestion_gcs_dag to 2022-10-18T00:00:00+00:00
[2022-10-18 05:01:36,632] {processor.py:171} INFO - Processing /opt/airflow/dags/data_ingestion_gcs_dag.py took 0.922 seconds
[2022-10-18 05:02:06,833] {processor.py:163} INFO - Started process (PID=939) to work on /opt/airflow/dags/data_ingestion_gcs_dag.py
[2022-10-18 05:02:06,835] {processor.py:642} INFO - Processing file /opt/airflow/dags/data_ingestion_gcs_dag.py for tasks to queue
[2022-10-18 05:02:06,836] {logging_mixin.py:109} INFO - [2022-10-18 05:02:06,836] {dagbag.py:500} INFO - Filling up the DagBag from /opt/airflow/dags/data_ingestion_gcs_dag.py
[2022-10-18 05:02:07,741] {processor.py:654} INFO - DAG(s) dict_keys(['data_ingestion_gcs_dag']) retrieved from /opt/airflow/dags/data_ingestion_gcs_dag.py
[2022-10-18 05:02:07,751] {logging_mixin.py:109} INFO - [2022-10-18 05:02:07,751] {dag.py:2396} INFO - Sync 1 DAGs
[2022-10-18 05:02:07,771] {logging_mixin.py:109} INFO - [2022-10-18 05:02:07,771] {dag.py:2935} INFO - Setting next_dagrun for data_ingestion_gcs_dag to 2022-10-18T00:00:00+00:00
[2022-10-18 05:02:07,788] {processor.py:171} INFO - Processing /opt/airflow/dags/data_ingestion_gcs_dag.py took 0.958 seconds
[2022-10-18 05:02:38,002] {processor.py:163} INFO - Started process (PID=975) to work on /opt/airflow/dags/data_ingestion_gcs_dag.py
[2022-10-18 05:02:38,004] {processor.py:642} INFO - Processing file /opt/airflow/dags/data_ingestion_gcs_dag.py for tasks to queue
[2022-10-18 05:02:38,005] {logging_mixin.py:109} INFO - [2022-10-18 05:02:38,005] {dagbag.py:500} INFO - Filling up the DagBag from /opt/airflow/dags/data_ingestion_gcs_dag.py
[2022-10-18 05:02:38,897] {processor.py:654} INFO - DAG(s) dict_keys(['data_ingestion_gcs_dag']) retrieved from /opt/airflow/dags/data_ingestion_gcs_dag.py
[2022-10-18 05:02:38,905] {logging_mixin.py:109} INFO - [2022-10-18 05:02:38,905] {dag.py:2396} INFO - Sync 1 DAGs
[2022-10-18 05:02:38,926] {logging_mixin.py:109} INFO - [2022-10-18 05:02:38,926] {dag.py:2935} INFO - Setting next_dagrun for data_ingestion_gcs_dag to 2022-10-18T00:00:00+00:00
[2022-10-18 05:02:38,937] {processor.py:171} INFO - Processing /opt/airflow/dags/data_ingestion_gcs_dag.py took 0.939 seconds
[2022-10-18 05:03:09,148] {processor.py:163} INFO - Started process (PID=1020) to work on /opt/airflow/dags/data_ingestion_gcs_dag.py
[2022-10-18 05:03:09,150] {processor.py:642} INFO - Processing file /opt/airflow/dags/data_ingestion_gcs_dag.py for tasks to queue
[2022-10-18 05:03:09,151] {logging_mixin.py:109} INFO - [2022-10-18 05:03:09,151] {dagbag.py:500} INFO - Filling up the DagBag from /opt/airflow/dags/data_ingestion_gcs_dag.py
[2022-10-18 05:03:09,973] {processor.py:654} INFO - DAG(s) dict_keys(['data_ingestion_gcs_dag']) retrieved from /opt/airflow/dags/data_ingestion_gcs_dag.py
[2022-10-18 05:03:09,983] {logging_mixin.py:109} INFO - [2022-10-18 05:03:09,983] {dag.py:2396} INFO - Sync 1 DAGs
[2022-10-18 05:03:09,999] {logging_mixin.py:109} INFO - [2022-10-18 05:03:09,998] {dag.py:2935} INFO - Setting next_dagrun for data_ingestion_gcs_dag to 2022-10-18T00:00:00+00:00
[2022-10-18 05:03:10,012] {processor.py:171} INFO - Processing /opt/airflow/dags/data_ingestion_gcs_dag.py took 0.867 seconds
[2022-10-18 05:03:40,201] {processor.py:163} INFO - Started process (PID=1057) to work on /opt/airflow/dags/data_ingestion_gcs_dag.py
[2022-10-18 05:03:40,203] {processor.py:642} INFO - Processing file /opt/airflow/dags/data_ingestion_gcs_dag.py for tasks to queue
[2022-10-18 05:03:40,204] {logging_mixin.py:109} INFO - [2022-10-18 05:03:40,204] {dagbag.py:500} INFO - Filling up the DagBag from /opt/airflow/dags/data_ingestion_gcs_dag.py
[2022-10-18 05:03:41,051] {processor.py:654} INFO - DAG(s) dict_keys(['data_ingestion_gcs_dag']) retrieved from /opt/airflow/dags/data_ingestion_gcs_dag.py
[2022-10-18 05:03:41,060] {logging_mixin.py:109} INFO - [2022-10-18 05:03:41,060] {dag.py:2396} INFO - Sync 1 DAGs
[2022-10-18 05:03:41,078] {logging_mixin.py:109} INFO - [2022-10-18 05:03:41,078] {dag.py:2935} INFO - Setting next_dagrun for data_ingestion_gcs_dag to 2022-10-18T00:00:00+00:00
[2022-10-18 05:03:41,092] {processor.py:171} INFO - Processing /opt/airflow/dags/data_ingestion_gcs_dag.py took 0.895 seconds
[2022-10-18 05:04:11,321] {processor.py:163} INFO - Started process (PID=1102) to work on /opt/airflow/dags/data_ingestion_gcs_dag.py
[2022-10-18 05:04:11,323] {processor.py:642} INFO - Processing file /opt/airflow/dags/data_ingestion_gcs_dag.py for tasks to queue
[2022-10-18 05:04:11,324] {logging_mixin.py:109} INFO - [2022-10-18 05:04:11,324] {dagbag.py:500} INFO - Filling up the DagBag from /opt/airflow/dags/data_ingestion_gcs_dag.py
[2022-10-18 05:04:12,183] {processor.py:654} INFO - DAG(s) dict_keys(['data_ingestion_gcs_dag']) retrieved from /opt/airflow/dags/data_ingestion_gcs_dag.py
[2022-10-18 05:04:12,193] {logging_mixin.py:109} INFO - [2022-10-18 05:04:12,193] {dag.py:2396} INFO - Sync 1 DAGs
[2022-10-18 05:04:12,214] {logging_mixin.py:109} INFO - [2022-10-18 05:04:12,214] {dag.py:2935} INFO - Setting next_dagrun for data_ingestion_gcs_dag to 2022-10-18T00:00:00+00:00
[2022-10-18 05:04:12,228] {processor.py:171} INFO - Processing /opt/airflow/dags/data_ingestion_gcs_dag.py took 0.910 seconds
[2022-10-18 05:04:42,426] {processor.py:163} INFO - Started process (PID=1138) to work on /opt/airflow/dags/data_ingestion_gcs_dag.py
[2022-10-18 05:04:42,428] {processor.py:642} INFO - Processing file /opt/airflow/dags/data_ingestion_gcs_dag.py for tasks to queue
[2022-10-18 05:04:42,429] {logging_mixin.py:109} INFO - [2022-10-18 05:04:42,429] {dagbag.py:500} INFO - Filling up the DagBag from /opt/airflow/dags/data_ingestion_gcs_dag.py
[2022-10-18 05:04:43,337] {processor.py:654} INFO - DAG(s) dict_keys(['data_ingestion_gcs_dag']) retrieved from /opt/airflow/dags/data_ingestion_gcs_dag.py
[2022-10-18 05:04:43,346] {logging_mixin.py:109} INFO - [2022-10-18 05:04:43,346] {dag.py:2396} INFO - Sync 1 DAGs
[2022-10-18 05:04:43,363] {logging_mixin.py:109} INFO - [2022-10-18 05:04:43,363] {dag.py:2935} INFO - Setting next_dagrun for data_ingestion_gcs_dag to 2022-10-18T00:00:00+00:00
[2022-10-18 05:04:43,379] {processor.py:171} INFO - Processing /opt/airflow/dags/data_ingestion_gcs_dag.py took 0.957 seconds
[2022-10-18 05:05:13,579] {processor.py:163} INFO - Started process (PID=1184) to work on /opt/airflow/dags/data_ingestion_gcs_dag.py
[2022-10-18 05:05:13,581] {processor.py:642} INFO - Processing file /opt/airflow/dags/data_ingestion_gcs_dag.py for tasks to queue
[2022-10-18 05:05:13,582] {logging_mixin.py:109} INFO - [2022-10-18 05:05:13,582] {dagbag.py:500} INFO - Filling up the DagBag from /opt/airflow/dags/data_ingestion_gcs_dag.py
[2022-10-18 05:05:14,463] {processor.py:654} INFO - DAG(s) dict_keys(['data_ingestion_gcs_dag']) retrieved from /opt/airflow/dags/data_ingestion_gcs_dag.py
[2022-10-18 05:05:14,472] {logging_mixin.py:109} INFO - [2022-10-18 05:05:14,472] {dag.py:2396} INFO - Sync 1 DAGs
[2022-10-18 05:05:14,490] {logging_mixin.py:109} INFO - [2022-10-18 05:05:14,490] {dag.py:2935} INFO - Setting next_dagrun for data_ingestion_gcs_dag to 2022-10-18T00:00:00+00:00
[2022-10-18 05:05:14,502] {processor.py:171} INFO - Processing /opt/airflow/dags/data_ingestion_gcs_dag.py took 0.927 seconds
[2022-10-18 05:05:44,787] {processor.py:163} INFO - Started process (PID=1220) to work on /opt/airflow/dags/data_ingestion_gcs_dag.py
[2022-10-18 05:05:44,790] {processor.py:642} INFO - Processing file /opt/airflow/dags/data_ingestion_gcs_dag.py for tasks to queue
[2022-10-18 05:05:44,793] {logging_mixin.py:109} INFO - [2022-10-18 05:05:44,793] {dagbag.py:500} INFO - Filling up the DagBag from /opt/airflow/dags/data_ingestion_gcs_dag.py
[2022-10-18 05:05:45,822] {processor.py:654} INFO - DAG(s) dict_keys(['data_ingestion_gcs_dag']) retrieved from /opt/airflow/dags/data_ingestion_gcs_dag.py
[2022-10-18 05:05:45,835] {logging_mixin.py:109} INFO - [2022-10-18 05:05:45,834] {dag.py:2396} INFO - Sync 1 DAGs
[2022-10-18 05:05:45,862] {logging_mixin.py:109} INFO - [2022-10-18 05:05:45,862] {dag.py:2935} INFO - Setting next_dagrun for data_ingestion_gcs_dag to 2022-10-18T00:00:00+00:00
[2022-10-18 05:05:45,878] {processor.py:171} INFO - Processing /opt/airflow/dags/data_ingestion_gcs_dag.py took 1.096 seconds
[2022-10-18 05:06:16,119] {processor.py:163} INFO - Started process (PID=1265) to work on /opt/airflow/dags/data_ingestion_gcs_dag.py
[2022-10-18 05:06:16,121] {processor.py:642} INFO - Processing file /opt/airflow/dags/data_ingestion_gcs_dag.py for tasks to queue
[2022-10-18 05:06:16,122] {logging_mixin.py:109} INFO - [2022-10-18 05:06:16,122] {dagbag.py:500} INFO - Filling up the DagBag from /opt/airflow/dags/data_ingestion_gcs_dag.py
[2022-10-18 05:06:17,021] {processor.py:654} INFO - DAG(s) dict_keys(['data_ingestion_gcs_dag']) retrieved from /opt/airflow/dags/data_ingestion_gcs_dag.py
[2022-10-18 05:06:17,030] {logging_mixin.py:109} INFO - [2022-10-18 05:06:17,029] {dag.py:2396} INFO - Sync 1 DAGs
[2022-10-18 05:06:17,047] {logging_mixin.py:109} INFO - [2022-10-18 05:06:17,047] {dag.py:2935} INFO - Setting next_dagrun for data_ingestion_gcs_dag to 2022-10-18T00:00:00+00:00
[2022-10-18 05:06:17,060] {processor.py:171} INFO - Processing /opt/airflow/dags/data_ingestion_gcs_dag.py took 0.946 seconds
[2022-10-18 05:06:47,322] {processor.py:163} INFO - Started process (PID=1301) to work on /opt/airflow/dags/data_ingestion_gcs_dag.py
[2022-10-18 05:06:47,323] {processor.py:642} INFO - Processing file /opt/airflow/dags/data_ingestion_gcs_dag.py for tasks to queue
[2022-10-18 05:06:47,325] {logging_mixin.py:109} INFO - [2022-10-18 05:06:47,324] {dagbag.py:500} INFO - Filling up the DagBag from /opt/airflow/dags/data_ingestion_gcs_dag.py
[2022-10-18 05:06:48,300] {processor.py:654} INFO - DAG(s) dict_keys(['data_ingestion_gcs_dag']) retrieved from /opt/airflow/dags/data_ingestion_gcs_dag.py
[2022-10-18 05:06:48,313] {logging_mixin.py:109} INFO - [2022-10-18 05:06:48,312] {dag.py:2396} INFO - Sync 1 DAGs
[2022-10-18 05:06:48,333] {logging_mixin.py:109} INFO - [2022-10-18 05:06:48,333] {dag.py:2935} INFO - Setting next_dagrun for data_ingestion_gcs_dag to 2022-10-18T00:00:00+00:00
[2022-10-18 05:06:48,348] {processor.py:171} INFO - Processing /opt/airflow/dags/data_ingestion_gcs_dag.py took 1.030 seconds
[2022-10-18 05:07:18,581] {processor.py:163} INFO - Started process (PID=1347) to work on /opt/airflow/dags/data_ingestion_gcs_dag.py
[2022-10-18 05:07:18,582] {processor.py:642} INFO - Processing file /opt/airflow/dags/data_ingestion_gcs_dag.py for tasks to queue
[2022-10-18 05:07:18,584] {logging_mixin.py:109} INFO - [2022-10-18 05:07:18,584] {dagbag.py:500} INFO - Filling up the DagBag from /opt/airflow/dags/data_ingestion_gcs_dag.py
[2022-10-18 05:07:19,420] {processor.py:654} INFO - DAG(s) dict_keys(['data_ingestion_gcs_dag']) retrieved from /opt/airflow/dags/data_ingestion_gcs_dag.py
[2022-10-18 05:07:19,430] {logging_mixin.py:109} INFO - [2022-10-18 05:07:19,430] {dag.py:2396} INFO - Sync 1 DAGs
[2022-10-18 05:07:19,450] {logging_mixin.py:109} INFO - [2022-10-18 05:07:19,450] {dag.py:2935} INFO - Setting next_dagrun for data_ingestion_gcs_dag to 2022-10-18T00:00:00+00:00
[2022-10-18 05:07:19,461] {processor.py:171} INFO - Processing /opt/airflow/dags/data_ingestion_gcs_dag.py took 0.885 seconds
[2022-10-18 05:07:49,655] {processor.py:163} INFO - Started process (PID=1383) to work on /opt/airflow/dags/data_ingestion_gcs_dag.py
[2022-10-18 05:07:49,656] {processor.py:642} INFO - Processing file /opt/airflow/dags/data_ingestion_gcs_dag.py for tasks to queue
[2022-10-18 05:07:49,658] {logging_mixin.py:109} INFO - [2022-10-18 05:07:49,658] {dagbag.py:500} INFO - Filling up the DagBag from /opt/airflow/dags/data_ingestion_gcs_dag.py
[2022-10-18 05:07:50,653] {processor.py:654} INFO - DAG(s) dict_keys(['data_ingestion_gcs_dag']) retrieved from /opt/airflow/dags/data_ingestion_gcs_dag.py
[2022-10-18 05:07:50,665] {logging_mixin.py:109} INFO - [2022-10-18 05:07:50,664] {dag.py:2396} INFO - Sync 1 DAGs
[2022-10-18 05:07:50,683] {logging_mixin.py:109} INFO - [2022-10-18 05:07:50,683] {dag.py:2935} INFO - Setting next_dagrun for data_ingestion_gcs_dag to 2022-10-18T00:00:00+00:00
[2022-10-18 05:07:50,697] {processor.py:171} INFO - Processing /opt/airflow/dags/data_ingestion_gcs_dag.py took 1.046 seconds
[2022-10-18 05:08:20,841] {processor.py:163} INFO - Started process (PID=1428) to work on /opt/airflow/dags/data_ingestion_gcs_dag.py
[2022-10-18 05:08:20,843] {processor.py:642} INFO - Processing file /opt/airflow/dags/data_ingestion_gcs_dag.py for tasks to queue
[2022-10-18 05:08:20,845] {logging_mixin.py:109} INFO - [2022-10-18 05:08:20,845] {dagbag.py:500} INFO - Filling up the DagBag from /opt/airflow/dags/data_ingestion_gcs_dag.py
[2022-10-18 05:08:21,649] {processor.py:654} INFO - DAG(s) dict_keys(['data_ingestion_gcs_dag']) retrieved from /opt/airflow/dags/data_ingestion_gcs_dag.py
[2022-10-18 05:08:21,663] {logging_mixin.py:109} INFO - [2022-10-18 05:08:21,662] {dag.py:2396} INFO - Sync 1 DAGs
[2022-10-18 05:08:21,683] {logging_mixin.py:109} INFO - [2022-10-18 05:08:21,682] {dag.py:2935} INFO - Setting next_dagrun for data_ingestion_gcs_dag to 2022-10-18T00:00:00+00:00
[2022-10-18 05:08:21,699] {processor.py:171} INFO - Processing /opt/airflow/dags/data_ingestion_gcs_dag.py took 0.861 seconds
[2022-10-18 05:08:51,912] {processor.py:163} INFO - Started process (PID=1473) to work on /opt/airflow/dags/data_ingestion_gcs_dag.py
[2022-10-18 05:08:51,914] {processor.py:642} INFO - Processing file /opt/airflow/dags/data_ingestion_gcs_dag.py for tasks to queue
[2022-10-18 05:08:51,915] {logging_mixin.py:109} INFO - [2022-10-18 05:08:51,915] {dagbag.py:500} INFO - Filling up the DagBag from /opt/airflow/dags/data_ingestion_gcs_dag.py
[2022-10-18 05:08:52,814] {processor.py:654} INFO - DAG(s) dict_keys(['data_ingestion_gcs_dag']) retrieved from /opt/airflow/dags/data_ingestion_gcs_dag.py
[2022-10-18 05:08:52,828] {logging_mixin.py:109} INFO - [2022-10-18 05:08:52,828] {dag.py:2396} INFO - Sync 1 DAGs
[2022-10-18 05:08:52,848] {logging_mixin.py:109} INFO - [2022-10-18 05:08:52,848] {dag.py:2935} INFO - Setting next_dagrun for data_ingestion_gcs_dag to 2022-10-18T00:00:00+00:00
[2022-10-18 05:08:52,862] {processor.py:171} INFO - Processing /opt/airflow/dags/data_ingestion_gcs_dag.py took 0.954 seconds
[2022-10-18 05:09:23,057] {processor.py:163} INFO - Started process (PID=1509) to work on /opt/airflow/dags/data_ingestion_gcs_dag.py
[2022-10-18 05:09:23,059] {processor.py:642} INFO - Processing file /opt/airflow/dags/data_ingestion_gcs_dag.py for tasks to queue
[2022-10-18 05:09:23,060] {logging_mixin.py:109} INFO - [2022-10-18 05:09:23,060] {dagbag.py:500} INFO - Filling up the DagBag from /opt/airflow/dags/data_ingestion_gcs_dag.py
[2022-10-18 05:09:23,992] {processor.py:654} INFO - DAG(s) dict_keys(['data_ingestion_gcs_dag']) retrieved from /opt/airflow/dags/data_ingestion_gcs_dag.py
[2022-10-18 05:09:24,003] {logging_mixin.py:109} INFO - [2022-10-18 05:09:24,003] {dag.py:2396} INFO - Sync 1 DAGs
[2022-10-18 05:09:24,021] {logging_mixin.py:109} INFO - [2022-10-18 05:09:24,021] {dag.py:2935} INFO - Setting next_dagrun for data_ingestion_gcs_dag to 2022-10-18T00:00:00+00:00
[2022-10-18 05:09:24,032] {processor.py:171} INFO - Processing /opt/airflow/dags/data_ingestion_gcs_dag.py took 0.979 seconds
[2022-10-18 05:09:54,219] {processor.py:163} INFO - Started process (PID=1554) to work on /opt/airflow/dags/data_ingestion_gcs_dag.py
[2022-10-18 05:09:54,221] {processor.py:642} INFO - Processing file /opt/airflow/dags/data_ingestion_gcs_dag.py for tasks to queue
[2022-10-18 05:09:54,223] {logging_mixin.py:109} INFO - [2022-10-18 05:09:54,223] {dagbag.py:500} INFO - Filling up the DagBag from /opt/airflow/dags/data_ingestion_gcs_dag.py
[2022-10-18 05:09:55,177] {processor.py:654} INFO - DAG(s) dict_keys(['data_ingestion_gcs_dag']) retrieved from /opt/airflow/dags/data_ingestion_gcs_dag.py
[2022-10-18 05:09:55,189] {logging_mixin.py:109} INFO - [2022-10-18 05:09:55,188] {dag.py:2396} INFO - Sync 1 DAGs
[2022-10-18 05:09:55,210] {logging_mixin.py:109} INFO - [2022-10-18 05:09:55,209] {dag.py:2935} INFO - Setting next_dagrun for data_ingestion_gcs_dag to 2022-10-18T00:00:00+00:00
[2022-10-18 05:09:55,226] {processor.py:171} INFO - Processing /opt/airflow/dags/data_ingestion_gcs_dag.py took 1.012 seconds
[2022-10-18 05:10:25,458] {processor.py:163} INFO - Started process (PID=1590) to work on /opt/airflow/dags/data_ingestion_gcs_dag.py
[2022-10-18 05:10:25,460] {processor.py:642} INFO - Processing file /opt/airflow/dags/data_ingestion_gcs_dag.py for tasks to queue
[2022-10-18 05:10:25,461] {logging_mixin.py:109} INFO - [2022-10-18 05:10:25,461] {dagbag.py:500} INFO - Filling up the DagBag from /opt/airflow/dags/data_ingestion_gcs_dag.py
[2022-10-18 05:10:26,382] {processor.py:654} INFO - DAG(s) dict_keys(['data_ingestion_gcs_dag']) retrieved from /opt/airflow/dags/data_ingestion_gcs_dag.py
[2022-10-18 05:10:26,395] {logging_mixin.py:109} INFO - [2022-10-18 05:10:26,395] {dag.py:2396} INFO - Sync 1 DAGs
[2022-10-18 05:10:26,413] {logging_mixin.py:109} INFO - [2022-10-18 05:10:26,413] {dag.py:2935} INFO - Setting next_dagrun for data_ingestion_gcs_dag to 2022-10-18T00:00:00+00:00
[2022-10-18 05:10:26,425] {processor.py:171} INFO - Processing /opt/airflow/dags/data_ingestion_gcs_dag.py took 0.971 seconds
[2022-10-18 05:10:56,732] {processor.py:163} INFO - Started process (PID=1636) to work on /opt/airflow/dags/data_ingestion_gcs_dag.py
[2022-10-18 05:10:56,733] {processor.py:642} INFO - Processing file /opt/airflow/dags/data_ingestion_gcs_dag.py for tasks to queue
[2022-10-18 05:10:56,734] {logging_mixin.py:109} INFO - [2022-10-18 05:10:56,734] {dagbag.py:500} INFO - Filling up the DagBag from /opt/airflow/dags/data_ingestion_gcs_dag.py
[2022-10-18 05:10:57,607] {processor.py:654} INFO - DAG(s) dict_keys(['data_ingestion_gcs_dag']) retrieved from /opt/airflow/dags/data_ingestion_gcs_dag.py
[2022-10-18 05:10:57,618] {logging_mixin.py:109} INFO - [2022-10-18 05:10:57,617] {dag.py:2396} INFO - Sync 1 DAGs
[2022-10-18 05:10:57,637] {logging_mixin.py:109} INFO - [2022-10-18 05:10:57,637] {dag.py:2935} INFO - Setting next_dagrun for data_ingestion_gcs_dag to 2022-10-18T00:00:00+00:00
[2022-10-18 05:10:57,650] {processor.py:171} INFO - Processing /opt/airflow/dags/data_ingestion_gcs_dag.py took 0.924 seconds
[2022-10-18 05:11:27,831] {processor.py:163} INFO - Started process (PID=1672) to work on /opt/airflow/dags/data_ingestion_gcs_dag.py
[2022-10-18 05:11:27,833] {processor.py:642} INFO - Processing file /opt/airflow/dags/data_ingestion_gcs_dag.py for tasks to queue
[2022-10-18 05:11:27,834] {logging_mixin.py:109} INFO - [2022-10-18 05:11:27,834] {dagbag.py:500} INFO - Filling up the DagBag from /opt/airflow/dags/data_ingestion_gcs_dag.py
[2022-10-18 05:11:28,747] {processor.py:654} INFO - DAG(s) dict_keys(['data_ingestion_gcs_dag']) retrieved from /opt/airflow/dags/data_ingestion_gcs_dag.py
[2022-10-18 05:11:28,756] {logging_mixin.py:109} INFO - [2022-10-18 05:11:28,756] {dag.py:2396} INFO - Sync 1 DAGs
[2022-10-18 05:11:28,772] {logging_mixin.py:109} INFO - [2022-10-18 05:11:28,772] {dag.py:2935} INFO - Setting next_dagrun for data_ingestion_gcs_dag to 2022-10-18T00:00:00+00:00
[2022-10-18 05:11:28,788] {processor.py:171} INFO - Processing /opt/airflow/dags/data_ingestion_gcs_dag.py took 0.961 seconds
[2022-10-18 05:11:59,060] {processor.py:163} INFO - Started process (PID=1718) to work on /opt/airflow/dags/data_ingestion_gcs_dag.py
[2022-10-18 05:11:59,062] {processor.py:642} INFO - Processing file /opt/airflow/dags/data_ingestion_gcs_dag.py for tasks to queue
[2022-10-18 05:11:59,065] {logging_mixin.py:109} INFO - [2022-10-18 05:11:59,065] {dagbag.py:500} INFO - Filling up the DagBag from /opt/airflow/dags/data_ingestion_gcs_dag.py
[2022-10-18 05:12:00,141] {processor.py:654} INFO - DAG(s) dict_keys(['data_ingestion_gcs_dag']) retrieved from /opt/airflow/dags/data_ingestion_gcs_dag.py
[2022-10-18 05:12:00,153] {logging_mixin.py:109} INFO - [2022-10-18 05:12:00,152] {dag.py:2396} INFO - Sync 1 DAGs
[2022-10-18 05:12:00,176] {logging_mixin.py:109} INFO - [2022-10-18 05:12:00,176] {dag.py:2935} INFO - Setting next_dagrun for data_ingestion_gcs_dag to 2022-10-18T00:00:00+00:00
[2022-10-18 05:12:00,191] {processor.py:171} INFO - Processing /opt/airflow/dags/data_ingestion_gcs_dag.py took 1.135 seconds
[2022-10-18 05:12:30,381] {processor.py:163} INFO - Started process (PID=1754) to work on /opt/airflow/dags/data_ingestion_gcs_dag.py
[2022-10-18 05:12:30,383] {processor.py:642} INFO - Processing file /opt/airflow/dags/data_ingestion_gcs_dag.py for tasks to queue
[2022-10-18 05:12:30,384] {logging_mixin.py:109} INFO - [2022-10-18 05:12:30,384] {dagbag.py:500} INFO - Filling up the DagBag from /opt/airflow/dags/data_ingestion_gcs_dag.py
[2022-10-18 05:12:31,424] {processor.py:654} INFO - DAG(s) dict_keys(['data_ingestion_gcs_dag']) retrieved from /opt/airflow/dags/data_ingestion_gcs_dag.py
[2022-10-18 05:12:31,435] {logging_mixin.py:109} INFO - [2022-10-18 05:12:31,435] {dag.py:2396} INFO - Sync 1 DAGs
[2022-10-18 05:12:31,453] {logging_mixin.py:109} INFO - [2022-10-18 05:12:31,453] {dag.py:2935} INFO - Setting next_dagrun for data_ingestion_gcs_dag to 2022-10-18T00:00:00+00:00
[2022-10-18 05:12:31,465] {processor.py:171} INFO - Processing /opt/airflow/dags/data_ingestion_gcs_dag.py took 1.088 seconds
[2022-10-18 05:13:01,679] {processor.py:163} INFO - Started process (PID=1799) to work on /opt/airflow/dags/data_ingestion_gcs_dag.py
[2022-10-18 05:13:01,680] {processor.py:642} INFO - Processing file /opt/airflow/dags/data_ingestion_gcs_dag.py for tasks to queue
[2022-10-18 05:13:01,681] {logging_mixin.py:109} INFO - [2022-10-18 05:13:01,681] {dagbag.py:500} INFO - Filling up the DagBag from /opt/airflow/dags/data_ingestion_gcs_dag.py
[2022-10-18 05:13:02,462] {processor.py:654} INFO - DAG(s) dict_keys(['data_ingestion_gcs_dag']) retrieved from /opt/airflow/dags/data_ingestion_gcs_dag.py
[2022-10-18 05:13:02,473] {logging_mixin.py:109} INFO - [2022-10-18 05:13:02,472] {dag.py:2396} INFO - Sync 1 DAGs
[2022-10-18 05:13:02,490] {logging_mixin.py:109} INFO - [2022-10-18 05:13:02,490] {dag.py:2935} INFO - Setting next_dagrun for data_ingestion_gcs_dag to 2022-10-18T00:00:00+00:00
[2022-10-18 05:13:02,502] {processor.py:171} INFO - Processing /opt/airflow/dags/data_ingestion_gcs_dag.py took 0.827 seconds
[2022-10-18 05:13:32,736] {processor.py:163} INFO - Started process (PID=1835) to work on /opt/airflow/dags/data_ingestion_gcs_dag.py
[2022-10-18 05:13:32,738] {processor.py:642} INFO - Processing file /opt/airflow/dags/data_ingestion_gcs_dag.py for tasks to queue
[2022-10-18 05:13:32,739] {logging_mixin.py:109} INFO - [2022-10-18 05:13:32,739] {dagbag.py:500} INFO - Filling up the DagBag from /opt/airflow/dags/data_ingestion_gcs_dag.py
[2022-10-18 05:13:33,596] {processor.py:654} INFO - DAG(s) dict_keys(['data_ingestion_gcs_dag']) retrieved from /opt/airflow/dags/data_ingestion_gcs_dag.py
[2022-10-18 05:13:33,607] {logging_mixin.py:109} INFO - [2022-10-18 05:13:33,607] {dag.py:2396} INFO - Sync 1 DAGs
[2022-10-18 05:13:33,628] {logging_mixin.py:109} INFO - [2022-10-18 05:13:33,627] {dag.py:2935} INFO - Setting next_dagrun for data_ingestion_gcs_dag to 2022-10-18T00:00:00+00:00
[2022-10-18 05:13:33,641] {processor.py:171} INFO - Processing /opt/airflow/dags/data_ingestion_gcs_dag.py took 0.908 seconds
[2022-10-18 05:14:03,820] {processor.py:163} INFO - Started process (PID=1881) to work on /opt/airflow/dags/data_ingestion_gcs_dag.py
[2022-10-18 05:14:03,822] {processor.py:642} INFO - Processing file /opt/airflow/dags/data_ingestion_gcs_dag.py for tasks to queue
[2022-10-18 05:14:03,823] {logging_mixin.py:109} INFO - [2022-10-18 05:14:03,823] {dagbag.py:500} INFO - Filling up the DagBag from /opt/airflow/dags/data_ingestion_gcs_dag.py
[2022-10-18 05:14:04,600] {processor.py:654} INFO - DAG(s) dict_keys(['data_ingestion_gcs_dag']) retrieved from /opt/airflow/dags/data_ingestion_gcs_dag.py
[2022-10-18 05:14:04,610] {logging_mixin.py:109} INFO - [2022-10-18 05:14:04,609] {dag.py:2396} INFO - Sync 1 DAGs
[2022-10-18 05:14:04,627] {logging_mixin.py:109} INFO - [2022-10-18 05:14:04,627] {dag.py:2935} INFO - Setting next_dagrun for data_ingestion_gcs_dag to 2022-10-18T00:00:00+00:00
[2022-10-18 05:14:04,638] {processor.py:171} INFO - Processing /opt/airflow/dags/data_ingestion_gcs_dag.py took 0.823 seconds
[2022-10-18 05:14:34,910] {processor.py:163} INFO - Started process (PID=1917) to work on /opt/airflow/dags/data_ingestion_gcs_dag.py
[2022-10-18 05:14:34,912] {processor.py:642} INFO - Processing file /opt/airflow/dags/data_ingestion_gcs_dag.py for tasks to queue
[2022-10-18 05:14:34,913] {logging_mixin.py:109} INFO - [2022-10-18 05:14:34,913] {dagbag.py:500} INFO - Filling up the DagBag from /opt/airflow/dags/data_ingestion_gcs_dag.py
[2022-10-18 05:14:35,806] {processor.py:654} INFO - DAG(s) dict_keys(['data_ingestion_gcs_dag']) retrieved from /opt/airflow/dags/data_ingestion_gcs_dag.py
[2022-10-18 05:14:35,821] {logging_mixin.py:109} INFO - [2022-10-18 05:14:35,820] {dag.py:2396} INFO - Sync 1 DAGs
[2022-10-18 05:14:35,849] {logging_mixin.py:109} INFO - [2022-10-18 05:14:35,849] {dag.py:2935} INFO - Setting next_dagrun for data_ingestion_gcs_dag to 2022-10-18T00:00:00+00:00
[2022-10-18 05:14:35,865] {processor.py:171} INFO - Processing /opt/airflow/dags/data_ingestion_gcs_dag.py took 0.959 seconds
