[2022-10-18 04:50:36,992] {processor.py:163} INFO - Started process (PID=38) to work on /opt/airflow/dags/simple_numpy_airflow.py
[2022-10-18 04:50:36,994] {processor.py:642} INFO - Processing file /opt/airflow/dags/simple_numpy_airflow.py for tasks to queue
[2022-10-18 04:50:36,995] {logging_mixin.py:109} INFO - [2022-10-18 04:50:36,995] {dagbag.py:500} INFO - Filling up the DagBag from /opt/airflow/dags/simple_numpy_airflow.py
[2022-10-18 04:50:39,900] {processor.py:654} INFO - DAG(s) dict_keys(['exampleDag']) retrieved from /opt/airflow/dags/simple_numpy_airflow.py
[2022-10-18 04:50:39,912] {logging_mixin.py:109} INFO - [2022-10-18 04:50:39,911] {dag.py:2396} INFO - Sync 1 DAGs
[2022-10-18 04:50:39,938] {logging_mixin.py:109} INFO - [2022-10-18 04:50:39,938] {dag.py:2935} INFO - Setting next_dagrun for exampleDag to 2022-10-17T04:50:39.938129+00:00
[2022-10-18 04:50:39,957] {processor.py:171} INFO - Processing /opt/airflow/dags/simple_numpy_airflow.py took 2.975 seconds
[2022-10-18 04:51:10,300] {processor.py:163} INFO - Started process (PID=74) to work on /opt/airflow/dags/simple_numpy_airflow.py
[2022-10-18 04:51:10,301] {processor.py:642} INFO - Processing file /opt/airflow/dags/simple_numpy_airflow.py for tasks to queue
[2022-10-18 04:51:10,303] {logging_mixin.py:109} INFO - [2022-10-18 04:51:10,303] {dagbag.py:500} INFO - Filling up the DagBag from /opt/airflow/dags/simple_numpy_airflow.py
[2022-10-18 04:51:11,454] {processor.py:654} INFO - DAG(s) dict_keys(['exampleDag']) retrieved from /opt/airflow/dags/simple_numpy_airflow.py
[2022-10-18 04:51:11,467] {logging_mixin.py:109} INFO - [2022-10-18 04:51:11,467] {dag.py:2396} INFO - Sync 1 DAGs
[2022-10-18 04:51:11,483] {logging_mixin.py:109} INFO - [2022-10-18 04:51:11,482] {dag.py:2935} INFO - Setting next_dagrun for exampleDag to 2022-10-17T04:51:11.482752+00:00
[2022-10-18 04:51:11,495] {processor.py:171} INFO - Processing /opt/airflow/dags/simple_numpy_airflow.py took 1.199 seconds
[2022-10-18 04:51:41,755] {processor.py:163} INFO - Started process (PID=126) to work on /opt/airflow/dags/simple_numpy_airflow.py
[2022-10-18 04:51:41,757] {processor.py:642} INFO - Processing file /opt/airflow/dags/simple_numpy_airflow.py for tasks to queue
[2022-10-18 04:51:41,758] {logging_mixin.py:109} INFO - [2022-10-18 04:51:41,758] {dagbag.py:500} INFO - Filling up the DagBag from /opt/airflow/dags/simple_numpy_airflow.py
[2022-10-18 04:51:43,405] {processor.py:654} INFO - DAG(s) dict_keys(['exampleDag']) retrieved from /opt/airflow/dags/simple_numpy_airflow.py
[2022-10-18 04:51:43,418] {logging_mixin.py:109} INFO - [2022-10-18 04:51:43,417] {dag.py:2396} INFO - Sync 1 DAGs
[2022-10-18 04:51:43,449] {logging_mixin.py:109} INFO - [2022-10-18 04:51:43,449] {dag.py:2935} INFO - Setting next_dagrun for exampleDag to 2022-10-18T04:51:11.482752+00:00
[2022-10-18 04:51:43,469] {processor.py:171} INFO - Processing /opt/airflow/dags/simple_numpy_airflow.py took 1.721 seconds
[2022-10-18 04:52:13,733] {processor.py:163} INFO - Started process (PID=162) to work on /opt/airflow/dags/simple_numpy_airflow.py
[2022-10-18 04:52:13,738] {processor.py:642} INFO - Processing file /opt/airflow/dags/simple_numpy_airflow.py for tasks to queue
[2022-10-18 04:52:13,740] {logging_mixin.py:109} INFO - [2022-10-18 04:52:13,740] {dagbag.py:500} INFO - Filling up the DagBag from /opt/airflow/dags/simple_numpy_airflow.py
[2022-10-18 04:52:14,755] {processor.py:654} INFO - DAG(s) dict_keys(['exampleDag']) retrieved from /opt/airflow/dags/simple_numpy_airflow.py
[2022-10-18 04:52:14,763] {logging_mixin.py:109} INFO - [2022-10-18 04:52:14,763] {dag.py:2396} INFO - Sync 1 DAGs
[2022-10-18 04:52:14,779] {logging_mixin.py:109} INFO - [2022-10-18 04:52:14,779] {dag.py:2935} INFO - Setting next_dagrun for exampleDag to 2022-10-18T04:51:45.151251+00:00
[2022-10-18 04:52:14,792] {processor.py:171} INFO - Processing /opt/airflow/dags/simple_numpy_airflow.py took 1.064 seconds
[2022-10-18 04:52:44,980] {processor.py:163} INFO - Started process (PID=208) to work on /opt/airflow/dags/simple_numpy_airflow.py
[2022-10-18 04:52:44,982] {processor.py:642} INFO - Processing file /opt/airflow/dags/simple_numpy_airflow.py for tasks to queue
[2022-10-18 04:52:44,983] {logging_mixin.py:109} INFO - [2022-10-18 04:52:44,983] {dagbag.py:500} INFO - Filling up the DagBag from /opt/airflow/dags/simple_numpy_airflow.py
[2022-10-18 04:52:45,836] {processor.py:654} INFO - DAG(s) dict_keys(['exampleDag']) retrieved from /opt/airflow/dags/simple_numpy_airflow.py
[2022-10-18 04:52:45,847] {logging_mixin.py:109} INFO - [2022-10-18 04:52:45,847] {dag.py:2396} INFO - Sync 1 DAGs
[2022-10-18 04:52:45,864] {logging_mixin.py:109} INFO - [2022-10-18 04:52:45,864] {dag.py:2935} INFO - Setting next_dagrun for exampleDag to 2022-10-18T04:51:45.151251+00:00
[2022-10-18 04:52:45,880] {processor.py:171} INFO - Processing /opt/airflow/dags/simple_numpy_airflow.py took 0.907 seconds
[2022-10-18 04:53:16,115] {processor.py:163} INFO - Started process (PID=244) to work on /opt/airflow/dags/simple_numpy_airflow.py
[2022-10-18 04:53:16,116] {processor.py:642} INFO - Processing file /opt/airflow/dags/simple_numpy_airflow.py for tasks to queue
[2022-10-18 04:53:16,118] {logging_mixin.py:109} INFO - [2022-10-18 04:53:16,118] {dagbag.py:500} INFO - Filling up the DagBag from /opt/airflow/dags/simple_numpy_airflow.py
[2022-10-18 04:53:17,050] {processor.py:654} INFO - DAG(s) dict_keys(['exampleDag']) retrieved from /opt/airflow/dags/simple_numpy_airflow.py
[2022-10-18 04:53:17,062] {logging_mixin.py:109} INFO - [2022-10-18 04:53:17,062] {dag.py:2396} INFO - Sync 1 DAGs
[2022-10-18 04:53:17,086] {logging_mixin.py:109} INFO - [2022-10-18 04:53:17,086] {dag.py:2935} INFO - Setting next_dagrun for exampleDag to 2022-10-18T04:51:45.151251+00:00
[2022-10-18 04:53:17,100] {processor.py:171} INFO - Processing /opt/airflow/dags/simple_numpy_airflow.py took 0.988 seconds
[2022-10-18 04:53:47,333] {processor.py:163} INFO - Started process (PID=289) to work on /opt/airflow/dags/simple_numpy_airflow.py
[2022-10-18 04:53:47,334] {processor.py:642} INFO - Processing file /opt/airflow/dags/simple_numpy_airflow.py for tasks to queue
[2022-10-18 04:53:47,336] {logging_mixin.py:109} INFO - [2022-10-18 04:53:47,336] {dagbag.py:500} INFO - Filling up the DagBag from /opt/airflow/dags/simple_numpy_airflow.py
[2022-10-18 04:53:48,256] {processor.py:654} INFO - DAG(s) dict_keys(['exampleDag']) retrieved from /opt/airflow/dags/simple_numpy_airflow.py
[2022-10-18 04:53:48,265] {logging_mixin.py:109} INFO - [2022-10-18 04:53:48,264] {dag.py:2396} INFO - Sync 1 DAGs
[2022-10-18 04:53:48,281] {logging_mixin.py:109} INFO - [2022-10-18 04:53:48,281] {dag.py:2935} INFO - Setting next_dagrun for exampleDag to 2022-10-18T04:51:45.151251+00:00
[2022-10-18 04:53:48,291] {processor.py:171} INFO - Processing /opt/airflow/dags/simple_numpy_airflow.py took 0.962 seconds
[2022-10-18 04:54:18,450] {processor.py:163} INFO - Started process (PID=325) to work on /opt/airflow/dags/simple_numpy_airflow.py
[2022-10-18 04:54:18,452] {processor.py:642} INFO - Processing file /opt/airflow/dags/simple_numpy_airflow.py for tasks to queue
[2022-10-18 04:54:18,453] {logging_mixin.py:109} INFO - [2022-10-18 04:54:18,453] {dagbag.py:500} INFO - Filling up the DagBag from /opt/airflow/dags/simple_numpy_airflow.py
[2022-10-18 04:54:19,388] {processor.py:654} INFO - DAG(s) dict_keys(['exampleDag']) retrieved from /opt/airflow/dags/simple_numpy_airflow.py
[2022-10-18 04:54:19,402] {logging_mixin.py:109} INFO - [2022-10-18 04:54:19,402] {dag.py:2396} INFO - Sync 1 DAGs
[2022-10-18 04:54:19,422] {logging_mixin.py:109} INFO - [2022-10-18 04:54:19,422] {dag.py:2935} INFO - Setting next_dagrun for exampleDag to 2022-10-18T04:51:45.151251+00:00
[2022-10-18 04:54:19,434] {processor.py:171} INFO - Processing /opt/airflow/dags/simple_numpy_airflow.py took 0.988 seconds
[2022-10-18 04:54:49,680] {processor.py:163} INFO - Started process (PID=370) to work on /opt/airflow/dags/simple_numpy_airflow.py
[2022-10-18 04:54:49,681] {processor.py:642} INFO - Processing file /opt/airflow/dags/simple_numpy_airflow.py for tasks to queue
[2022-10-18 04:54:49,683] {logging_mixin.py:109} INFO - [2022-10-18 04:54:49,683] {dagbag.py:500} INFO - Filling up the DagBag from /opt/airflow/dags/simple_numpy_airflow.py
[2022-10-18 04:54:50,477] {processor.py:654} INFO - DAG(s) dict_keys(['exampleDag']) retrieved from /opt/airflow/dags/simple_numpy_airflow.py
[2022-10-18 04:54:50,489] {logging_mixin.py:109} INFO - [2022-10-18 04:54:50,488] {dag.py:2396} INFO - Sync 1 DAGs
[2022-10-18 04:54:50,502] {logging_mixin.py:109} INFO - [2022-10-18 04:54:50,502] {dag.py:2935} INFO - Setting next_dagrun for exampleDag to 2022-10-18T04:51:45.151251+00:00
[2022-10-18 04:54:50,515] {processor.py:171} INFO - Processing /opt/airflow/dags/simple_numpy_airflow.py took 0.839 seconds
[2022-10-18 04:55:20,770] {processor.py:163} INFO - Started process (PID=406) to work on /opt/airflow/dags/simple_numpy_airflow.py
[2022-10-18 04:55:20,772] {processor.py:642} INFO - Processing file /opt/airflow/dags/simple_numpy_airflow.py for tasks to queue
[2022-10-18 04:55:20,773] {logging_mixin.py:109} INFO - [2022-10-18 04:55:20,773] {dagbag.py:500} INFO - Filling up the DagBag from /opt/airflow/dags/simple_numpy_airflow.py
[2022-10-18 04:55:21,699] {processor.py:654} INFO - DAG(s) dict_keys(['exampleDag']) retrieved from /opt/airflow/dags/simple_numpy_airflow.py
[2022-10-18 04:55:21,713] {logging_mixin.py:109} INFO - [2022-10-18 04:55:21,712] {dag.py:2396} INFO - Sync 1 DAGs
[2022-10-18 04:55:21,731] {logging_mixin.py:109} INFO - [2022-10-18 04:55:21,731] {dag.py:2935} INFO - Setting next_dagrun for exampleDag to 2022-10-18T04:51:45.151251+00:00
[2022-10-18 04:55:21,743] {processor.py:171} INFO - Processing /opt/airflow/dags/simple_numpy_airflow.py took 0.977 seconds
[2022-10-18 04:55:52,082] {processor.py:163} INFO - Started process (PID=451) to work on /opt/airflow/dags/simple_numpy_airflow.py
[2022-10-18 04:55:52,084] {processor.py:642} INFO - Processing file /opt/airflow/dags/simple_numpy_airflow.py for tasks to queue
[2022-10-18 04:55:52,085] {logging_mixin.py:109} INFO - [2022-10-18 04:55:52,085] {dagbag.py:500} INFO - Filling up the DagBag from /opt/airflow/dags/simple_numpy_airflow.py
[2022-10-18 04:55:53,056] {processor.py:654} INFO - DAG(s) dict_keys(['exampleDag']) retrieved from /opt/airflow/dags/simple_numpy_airflow.py
[2022-10-18 04:55:53,072] {logging_mixin.py:109} INFO - [2022-10-18 04:55:53,071] {dag.py:2396} INFO - Sync 1 DAGs
[2022-10-18 04:55:53,096] {logging_mixin.py:109} INFO - [2022-10-18 04:55:53,095] {dag.py:2935} INFO - Setting next_dagrun for exampleDag to 2022-10-18T04:51:45.151251+00:00
[2022-10-18 04:55:53,111] {processor.py:171} INFO - Processing /opt/airflow/dags/simple_numpy_airflow.py took 1.033 seconds
[2022-10-18 04:56:23,365] {processor.py:163} INFO - Started process (PID=487) to work on /opt/airflow/dags/simple_numpy_airflow.py
[2022-10-18 04:56:23,367] {processor.py:642} INFO - Processing file /opt/airflow/dags/simple_numpy_airflow.py for tasks to queue
[2022-10-18 04:56:23,370] {logging_mixin.py:109} INFO - [2022-10-18 04:56:23,369] {dagbag.py:500} INFO - Filling up the DagBag from /opt/airflow/dags/simple_numpy_airflow.py
[2022-10-18 04:56:24,195] {processor.py:654} INFO - DAG(s) dict_keys(['exampleDag']) retrieved from /opt/airflow/dags/simple_numpy_airflow.py
[2022-10-18 04:56:24,208] {logging_mixin.py:109} INFO - [2022-10-18 04:56:24,208] {dag.py:2396} INFO - Sync 1 DAGs
[2022-10-18 04:56:24,229] {logging_mixin.py:109} INFO - [2022-10-18 04:56:24,229] {dag.py:2935} INFO - Setting next_dagrun for exampleDag to 2022-10-18T04:51:45.151251+00:00
[2022-10-18 04:56:24,245] {processor.py:171} INFO - Processing /opt/airflow/dags/simple_numpy_airflow.py took 0.885 seconds
[2022-10-18 04:56:54,487] {processor.py:163} INFO - Started process (PID=532) to work on /opt/airflow/dags/simple_numpy_airflow.py
[2022-10-18 04:56:54,489] {processor.py:642} INFO - Processing file /opt/airflow/dags/simple_numpy_airflow.py for tasks to queue
[2022-10-18 04:56:54,490] {logging_mixin.py:109} INFO - [2022-10-18 04:56:54,490] {dagbag.py:500} INFO - Filling up the DagBag from /opt/airflow/dags/simple_numpy_airflow.py
[2022-10-18 04:56:55,416] {processor.py:654} INFO - DAG(s) dict_keys(['exampleDag']) retrieved from /opt/airflow/dags/simple_numpy_airflow.py
[2022-10-18 04:56:55,429] {logging_mixin.py:109} INFO - [2022-10-18 04:56:55,429] {dag.py:2396} INFO - Sync 1 DAGs
[2022-10-18 04:56:55,447] {logging_mixin.py:109} INFO - [2022-10-18 04:56:55,446] {dag.py:2935} INFO - Setting next_dagrun for exampleDag to 2022-10-18T04:51:45.151251+00:00
[2022-10-18 04:56:55,460] {processor.py:171} INFO - Processing /opt/airflow/dags/simple_numpy_airflow.py took 0.977 seconds
[2022-10-18 04:57:25,702] {processor.py:163} INFO - Started process (PID=568) to work on /opt/airflow/dags/simple_numpy_airflow.py
[2022-10-18 04:57:25,704] {processor.py:642} INFO - Processing file /opt/airflow/dags/simple_numpy_airflow.py for tasks to queue
[2022-10-18 04:57:25,705] {logging_mixin.py:109} INFO - [2022-10-18 04:57:25,705] {dagbag.py:500} INFO - Filling up the DagBag from /opt/airflow/dags/simple_numpy_airflow.py
[2022-10-18 04:57:26,500] {processor.py:654} INFO - DAG(s) dict_keys(['exampleDag']) retrieved from /opt/airflow/dags/simple_numpy_airflow.py
[2022-10-18 04:57:26,510] {logging_mixin.py:109} INFO - [2022-10-18 04:57:26,510] {dag.py:2396} INFO - Sync 1 DAGs
[2022-10-18 04:57:26,527] {logging_mixin.py:109} INFO - [2022-10-18 04:57:26,527] {dag.py:2935} INFO - Setting next_dagrun for exampleDag to 2022-10-18T04:51:45.151251+00:00
[2022-10-18 04:57:26,540] {processor.py:171} INFO - Processing /opt/airflow/dags/simple_numpy_airflow.py took 0.842 seconds
[2022-10-18 04:57:56,765] {processor.py:163} INFO - Started process (PID=614) to work on /opt/airflow/dags/simple_numpy_airflow.py
[2022-10-18 04:57:56,766] {processor.py:642} INFO - Processing file /opt/airflow/dags/simple_numpy_airflow.py for tasks to queue
[2022-10-18 04:57:56,767] {logging_mixin.py:109} INFO - [2022-10-18 04:57:56,767] {dagbag.py:500} INFO - Filling up the DagBag from /opt/airflow/dags/simple_numpy_airflow.py
[2022-10-18 04:57:57,608] {processor.py:654} INFO - DAG(s) dict_keys(['exampleDag']) retrieved from /opt/airflow/dags/simple_numpy_airflow.py
[2022-10-18 04:57:57,619] {logging_mixin.py:109} INFO - [2022-10-18 04:57:57,618] {dag.py:2396} INFO - Sync 1 DAGs
[2022-10-18 04:57:57,635] {logging_mixin.py:109} INFO - [2022-10-18 04:57:57,635] {dag.py:2935} INFO - Setting next_dagrun for exampleDag to 2022-10-18T04:51:45.151251+00:00
[2022-10-18 04:57:57,647] {processor.py:171} INFO - Processing /opt/airflow/dags/simple_numpy_airflow.py took 0.886 seconds
[2022-10-18 04:58:27,853] {processor.py:163} INFO - Started process (PID=650) to work on /opt/airflow/dags/simple_numpy_airflow.py
[2022-10-18 04:58:27,854] {processor.py:642} INFO - Processing file /opt/airflow/dags/simple_numpy_airflow.py for tasks to queue
[2022-10-18 04:58:27,856] {logging_mixin.py:109} INFO - [2022-10-18 04:58:27,856] {dagbag.py:500} INFO - Filling up the DagBag from /opt/airflow/dags/simple_numpy_airflow.py
[2022-10-18 04:58:28,821] {processor.py:654} INFO - DAG(s) dict_keys(['exampleDag']) retrieved from /opt/airflow/dags/simple_numpy_airflow.py
[2022-10-18 04:58:28,830] {logging_mixin.py:109} INFO - [2022-10-18 04:58:28,830] {dag.py:2396} INFO - Sync 1 DAGs
[2022-10-18 04:58:28,849] {logging_mixin.py:109} INFO - [2022-10-18 04:58:28,849] {dag.py:2935} INFO - Setting next_dagrun for exampleDag to 2022-10-18T04:51:45.151251+00:00
[2022-10-18 04:58:28,859] {processor.py:171} INFO - Processing /opt/airflow/dags/simple_numpy_airflow.py took 1.011 seconds
[2022-10-18 04:58:59,058] {processor.py:163} INFO - Started process (PID=695) to work on /opt/airflow/dags/simple_numpy_airflow.py
[2022-10-18 04:58:59,059] {processor.py:642} INFO - Processing file /opt/airflow/dags/simple_numpy_airflow.py for tasks to queue
[2022-10-18 04:58:59,060] {logging_mixin.py:109} INFO - [2022-10-18 04:58:59,060] {dagbag.py:500} INFO - Filling up the DagBag from /opt/airflow/dags/simple_numpy_airflow.py
[2022-10-18 04:59:00,032] {processor.py:654} INFO - DAG(s) dict_keys(['exampleDag']) retrieved from /opt/airflow/dags/simple_numpy_airflow.py
[2022-10-18 04:59:00,043] {logging_mixin.py:109} INFO - [2022-10-18 04:59:00,043] {dag.py:2396} INFO - Sync 1 DAGs
[2022-10-18 04:59:00,061] {logging_mixin.py:109} INFO - [2022-10-18 04:59:00,060] {dag.py:2935} INFO - Setting next_dagrun for exampleDag to 2022-10-18T04:51:45.151251+00:00
[2022-10-18 04:59:00,074] {processor.py:171} INFO - Processing /opt/airflow/dags/simple_numpy_airflow.py took 1.020 seconds
[2022-10-18 04:59:30,268] {processor.py:163} INFO - Started process (PID=731) to work on /opt/airflow/dags/simple_numpy_airflow.py
[2022-10-18 04:59:30,269] {processor.py:642} INFO - Processing file /opt/airflow/dags/simple_numpy_airflow.py for tasks to queue
[2022-10-18 04:59:30,271] {logging_mixin.py:109} INFO - [2022-10-18 04:59:30,270] {dagbag.py:500} INFO - Filling up the DagBag from /opt/airflow/dags/simple_numpy_airflow.py
[2022-10-18 04:59:31,302] {processor.py:654} INFO - DAG(s) dict_keys(['exampleDag']) retrieved from /opt/airflow/dags/simple_numpy_airflow.py
[2022-10-18 04:59:31,315] {logging_mixin.py:109} INFO - [2022-10-18 04:59:31,315] {dag.py:2396} INFO - Sync 1 DAGs
[2022-10-18 04:59:31,335] {logging_mixin.py:109} INFO - [2022-10-18 04:59:31,335] {dag.py:2935} INFO - Setting next_dagrun for exampleDag to 2022-10-18T04:51:45.151251+00:00
[2022-10-18 04:59:31,348] {processor.py:171} INFO - Processing /opt/airflow/dags/simple_numpy_airflow.py took 1.084 seconds
[2022-10-18 05:00:01,573] {processor.py:163} INFO - Started process (PID=776) to work on /opt/airflow/dags/simple_numpy_airflow.py
[2022-10-18 05:00:01,575] {processor.py:642} INFO - Processing file /opt/airflow/dags/simple_numpy_airflow.py for tasks to queue
[2022-10-18 05:00:01,577] {logging_mixin.py:109} INFO - [2022-10-18 05:00:01,576] {dagbag.py:500} INFO - Filling up the DagBag from /opt/airflow/dags/simple_numpy_airflow.py
[2022-10-18 05:00:02,628] {processor.py:654} INFO - DAG(s) dict_keys(['exampleDag']) retrieved from /opt/airflow/dags/simple_numpy_airflow.py
[2022-10-18 05:00:02,658] {logging_mixin.py:109} INFO - [2022-10-18 05:00:02,658] {dag.py:2396} INFO - Sync 1 DAGs
[2022-10-18 05:00:02,716] {logging_mixin.py:109} INFO - [2022-10-18 05:00:02,716] {dag.py:2935} INFO - Setting next_dagrun for exampleDag to 2022-10-18T04:51:45.151251+00:00
[2022-10-18 05:00:02,746] {processor.py:171} INFO - Processing /opt/airflow/dags/simple_numpy_airflow.py took 1.178 seconds
[2022-10-18 05:00:32,804] {processor.py:163} INFO - Started process (PID=812) to work on /opt/airflow/dags/simple_numpy_airflow.py
[2022-10-18 05:00:32,805] {processor.py:642} INFO - Processing file /opt/airflow/dags/simple_numpy_airflow.py for tasks to queue
[2022-10-18 05:00:32,807] {logging_mixin.py:109} INFO - [2022-10-18 05:00:32,806] {dagbag.py:500} INFO - Filling up the DagBag from /opt/airflow/dags/simple_numpy_airflow.py
[2022-10-18 05:00:34,131] {processor.py:654} INFO - DAG(s) dict_keys(['exampleDag']) retrieved from /opt/airflow/dags/simple_numpy_airflow.py
[2022-10-18 05:00:34,144] {logging_mixin.py:109} INFO - [2022-10-18 05:00:34,144] {dag.py:2396} INFO - Sync 1 DAGs
[2022-10-18 05:00:34,165] {logging_mixin.py:109} INFO - [2022-10-18 05:00:34,165] {dag.py:2935} INFO - Setting next_dagrun for exampleDag to 2022-10-18T04:51:45.151251+00:00
[2022-10-18 05:00:34,188] {processor.py:171} INFO - Processing /opt/airflow/dags/simple_numpy_airflow.py took 1.388 seconds
[2022-10-18 05:01:04,493] {processor.py:163} INFO - Started process (PID=857) to work on /opt/airflow/dags/simple_numpy_airflow.py
[2022-10-18 05:01:04,495] {processor.py:642} INFO - Processing file /opt/airflow/dags/simple_numpy_airflow.py for tasks to queue
[2022-10-18 05:01:04,497] {logging_mixin.py:109} INFO - [2022-10-18 05:01:04,496] {dagbag.py:500} INFO - Filling up the DagBag from /opt/airflow/dags/simple_numpy_airflow.py
[2022-10-18 05:01:05,529] {processor.py:654} INFO - DAG(s) dict_keys(['exampleDag']) retrieved from /opt/airflow/dags/simple_numpy_airflow.py
[2022-10-18 05:01:05,539] {logging_mixin.py:109} INFO - [2022-10-18 05:01:05,538] {dag.py:2396} INFO - Sync 1 DAGs
[2022-10-18 05:01:05,555] {logging_mixin.py:109} INFO - [2022-10-18 05:01:05,555] {dag.py:2935} INFO - Setting next_dagrun for exampleDag to 2022-10-18T04:51:45.151251+00:00
[2022-10-18 05:01:05,568] {processor.py:171} INFO - Processing /opt/airflow/dags/simple_numpy_airflow.py took 1.079 seconds
[2022-10-18 05:01:35,714] {processor.py:163} INFO - Started process (PID=893) to work on /opt/airflow/dags/simple_numpy_airflow.py
[2022-10-18 05:01:35,715] {processor.py:642} INFO - Processing file /opt/airflow/dags/simple_numpy_airflow.py for tasks to queue
[2022-10-18 05:01:35,716] {logging_mixin.py:109} INFO - [2022-10-18 05:01:35,716] {dagbag.py:500} INFO - Filling up the DagBag from /opt/airflow/dags/simple_numpy_airflow.py
[2022-10-18 05:01:36,571] {processor.py:654} INFO - DAG(s) dict_keys(['exampleDag']) retrieved from /opt/airflow/dags/simple_numpy_airflow.py
[2022-10-18 05:01:36,580] {logging_mixin.py:109} INFO - [2022-10-18 05:01:36,580] {dag.py:2396} INFO - Sync 1 DAGs
[2022-10-18 05:01:36,598] {logging_mixin.py:109} INFO - [2022-10-18 05:01:36,598] {dag.py:2935} INFO - Setting next_dagrun for exampleDag to 2022-10-18T04:51:45.151251+00:00
[2022-10-18 05:01:36,609] {processor.py:171} INFO - Processing /opt/airflow/dags/simple_numpy_airflow.py took 0.899 seconds
[2022-10-18 05:02:06,833] {processor.py:163} INFO - Started process (PID=938) to work on /opt/airflow/dags/simple_numpy_airflow.py
[2022-10-18 05:02:06,835] {processor.py:642} INFO - Processing file /opt/airflow/dags/simple_numpy_airflow.py for tasks to queue
[2022-10-18 05:02:06,836] {logging_mixin.py:109} INFO - [2022-10-18 05:02:06,836] {dagbag.py:500} INFO - Filling up the DagBag from /opt/airflow/dags/simple_numpy_airflow.py
[2022-10-18 05:02:07,733] {processor.py:654} INFO - DAG(s) dict_keys(['exampleDag']) retrieved from /opt/airflow/dags/simple_numpy_airflow.py
[2022-10-18 05:02:07,744] {logging_mixin.py:109} INFO - [2022-10-18 05:02:07,744] {dag.py:2396} INFO - Sync 1 DAGs
[2022-10-18 05:02:07,760] {logging_mixin.py:109} INFO - [2022-10-18 05:02:07,760] {dag.py:2935} INFO - Setting next_dagrun for exampleDag to 2022-10-18T04:51:45.151251+00:00
[2022-10-18 05:02:07,772] {processor.py:171} INFO - Processing /opt/airflow/dags/simple_numpy_airflow.py took 0.942 seconds
[2022-10-18 05:02:38,003] {processor.py:163} INFO - Started process (PID=974) to work on /opt/airflow/dags/simple_numpy_airflow.py
[2022-10-18 05:02:38,004] {processor.py:642} INFO - Processing file /opt/airflow/dags/simple_numpy_airflow.py for tasks to queue
[2022-10-18 05:02:38,006] {logging_mixin.py:109} INFO - [2022-10-18 05:02:38,006] {dagbag.py:500} INFO - Filling up the DagBag from /opt/airflow/dags/simple_numpy_airflow.py
[2022-10-18 05:02:38,885] {processor.py:654} INFO - DAG(s) dict_keys(['exampleDag']) retrieved from /opt/airflow/dags/simple_numpy_airflow.py
[2022-10-18 05:02:38,895] {logging_mixin.py:109} INFO - [2022-10-18 05:02:38,895] {dag.py:2396} INFO - Sync 1 DAGs
[2022-10-18 05:02:38,910] {logging_mixin.py:109} INFO - [2022-10-18 05:02:38,910] {dag.py:2935} INFO - Setting next_dagrun for exampleDag to 2022-10-18T04:51:45.151251+00:00
[2022-10-18 05:02:38,923] {processor.py:171} INFO - Processing /opt/airflow/dags/simple_numpy_airflow.py took 0.924 seconds
[2022-10-18 05:03:09,147] {processor.py:163} INFO - Started process (PID=1019) to work on /opt/airflow/dags/simple_numpy_airflow.py
[2022-10-18 05:03:09,149] {processor.py:642} INFO - Processing file /opt/airflow/dags/simple_numpy_airflow.py for tasks to queue
[2022-10-18 05:03:09,150] {logging_mixin.py:109} INFO - [2022-10-18 05:03:09,150] {dagbag.py:500} INFO - Filling up the DagBag from /opt/airflow/dags/simple_numpy_airflow.py
[2022-10-18 05:03:09,978] {processor.py:654} INFO - DAG(s) dict_keys(['exampleDag']) retrieved from /opt/airflow/dags/simple_numpy_airflow.py
[2022-10-18 05:03:09,987] {logging_mixin.py:109} INFO - [2022-10-18 05:03:09,987] {dag.py:2396} INFO - Sync 1 DAGs
[2022-10-18 05:03:10,004] {logging_mixin.py:109} INFO - [2022-10-18 05:03:10,004] {dag.py:2935} INFO - Setting next_dagrun for exampleDag to 2022-10-18T04:51:45.151251+00:00
[2022-10-18 05:03:10,016] {processor.py:171} INFO - Processing /opt/airflow/dags/simple_numpy_airflow.py took 0.872 seconds
[2022-10-18 05:03:40,201] {processor.py:163} INFO - Started process (PID=1056) to work on /opt/airflow/dags/simple_numpy_airflow.py
[2022-10-18 05:03:40,203] {processor.py:642} INFO - Processing file /opt/airflow/dags/simple_numpy_airflow.py for tasks to queue
[2022-10-18 05:03:40,204] {logging_mixin.py:109} INFO - [2022-10-18 05:03:40,204] {dagbag.py:500} INFO - Filling up the DagBag from /opt/airflow/dags/simple_numpy_airflow.py
[2022-10-18 05:03:41,056] {processor.py:654} INFO - DAG(s) dict_keys(['exampleDag']) retrieved from /opt/airflow/dags/simple_numpy_airflow.py
[2022-10-18 05:03:41,067] {logging_mixin.py:109} INFO - [2022-10-18 05:03:41,067] {dag.py:2396} INFO - Sync 1 DAGs
[2022-10-18 05:03:41,087] {logging_mixin.py:109} INFO - [2022-10-18 05:03:41,087] {dag.py:2935} INFO - Setting next_dagrun for exampleDag to 2022-10-18T04:51:45.151251+00:00
[2022-10-18 05:03:41,099] {processor.py:171} INFO - Processing /opt/airflow/dags/simple_numpy_airflow.py took 0.902 seconds
[2022-10-18 05:04:11,320] {processor.py:163} INFO - Started process (PID=1101) to work on /opt/airflow/dags/simple_numpy_airflow.py
[2022-10-18 05:04:11,322] {processor.py:642} INFO - Processing file /opt/airflow/dags/simple_numpy_airflow.py for tasks to queue
[2022-10-18 05:04:11,324] {logging_mixin.py:109} INFO - [2022-10-18 05:04:11,324] {dagbag.py:500} INFO - Filling up the DagBag from /opt/airflow/dags/simple_numpy_airflow.py
[2022-10-18 05:04:12,159] {processor.py:654} INFO - DAG(s) dict_keys(['exampleDag']) retrieved from /opt/airflow/dags/simple_numpy_airflow.py
[2022-10-18 05:04:12,170] {logging_mixin.py:109} INFO - [2022-10-18 05:04:12,170] {dag.py:2396} INFO - Sync 1 DAGs
[2022-10-18 05:04:12,187] {logging_mixin.py:109} INFO - [2022-10-18 05:04:12,187] {dag.py:2935} INFO - Setting next_dagrun for exampleDag to 2022-10-18T04:51:45.151251+00:00
[2022-10-18 05:04:12,198] {processor.py:171} INFO - Processing /opt/airflow/dags/simple_numpy_airflow.py took 0.881 seconds
[2022-10-18 05:04:42,426] {processor.py:163} INFO - Started process (PID=1137) to work on /opt/airflow/dags/simple_numpy_airflow.py
[2022-10-18 05:04:42,427] {processor.py:642} INFO - Processing file /opt/airflow/dags/simple_numpy_airflow.py for tasks to queue
[2022-10-18 05:04:42,429] {logging_mixin.py:109} INFO - [2022-10-18 05:04:42,428] {dagbag.py:500} INFO - Filling up the DagBag from /opt/airflow/dags/simple_numpy_airflow.py
[2022-10-18 05:04:43,323] {processor.py:654} INFO - DAG(s) dict_keys(['exampleDag']) retrieved from /opt/airflow/dags/simple_numpy_airflow.py
[2022-10-18 05:04:43,334] {logging_mixin.py:109} INFO - [2022-10-18 05:04:43,334] {dag.py:2396} INFO - Sync 1 DAGs
[2022-10-18 05:04:43,349] {logging_mixin.py:109} INFO - [2022-10-18 05:04:43,349] {dag.py:2935} INFO - Setting next_dagrun for exampleDag to 2022-10-18T04:51:45.151251+00:00
[2022-10-18 05:04:43,360] {processor.py:171} INFO - Processing /opt/airflow/dags/simple_numpy_airflow.py took 0.939 seconds
[2022-10-18 05:05:13,579] {processor.py:163} INFO - Started process (PID=1183) to work on /opt/airflow/dags/simple_numpy_airflow.py
[2022-10-18 05:05:13,581] {processor.py:642} INFO - Processing file /opt/airflow/dags/simple_numpy_airflow.py for tasks to queue
[2022-10-18 05:05:13,582] {logging_mixin.py:109} INFO - [2022-10-18 05:05:13,582] {dagbag.py:500} INFO - Filling up the DagBag from /opt/airflow/dags/simple_numpy_airflow.py
[2022-10-18 05:05:14,447] {processor.py:654} INFO - DAG(s) dict_keys(['exampleDag']) retrieved from /opt/airflow/dags/simple_numpy_airflow.py
[2022-10-18 05:05:14,457] {logging_mixin.py:109} INFO - [2022-10-18 05:05:14,457] {dag.py:2396} INFO - Sync 1 DAGs
[2022-10-18 05:05:14,474] {logging_mixin.py:109} INFO - [2022-10-18 05:05:14,473] {dag.py:2935} INFO - Setting next_dagrun for exampleDag to 2022-10-18T04:51:45.151251+00:00
[2022-10-18 05:05:14,485] {processor.py:171} INFO - Processing /opt/airflow/dags/simple_numpy_airflow.py took 0.910 seconds
[2022-10-18 05:05:44,786] {processor.py:163} INFO - Started process (PID=1219) to work on /opt/airflow/dags/simple_numpy_airflow.py
[2022-10-18 05:05:44,789] {processor.py:642} INFO - Processing file /opt/airflow/dags/simple_numpy_airflow.py for tasks to queue
[2022-10-18 05:05:44,792] {logging_mixin.py:109} INFO - [2022-10-18 05:05:44,792] {dagbag.py:500} INFO - Filling up the DagBag from /opt/airflow/dags/simple_numpy_airflow.py
[2022-10-18 05:05:45,835] {processor.py:654} INFO - DAG(s) dict_keys(['exampleDag']) retrieved from /opt/airflow/dags/simple_numpy_airflow.py
[2022-10-18 05:05:45,848] {logging_mixin.py:109} INFO - [2022-10-18 05:05:45,848] {dag.py:2396} INFO - Sync 1 DAGs
[2022-10-18 05:05:45,872] {logging_mixin.py:109} INFO - [2022-10-18 05:05:45,871] {dag.py:2935} INFO - Setting next_dagrun for exampleDag to 2022-10-18T04:51:45.151251+00:00
[2022-10-18 05:05:45,885] {processor.py:171} INFO - Processing /opt/airflow/dags/simple_numpy_airflow.py took 1.105 seconds
[2022-10-18 05:06:16,119] {processor.py:163} INFO - Started process (PID=1264) to work on /opt/airflow/dags/simple_numpy_airflow.py
[2022-10-18 05:06:16,121] {processor.py:642} INFO - Processing file /opt/airflow/dags/simple_numpy_airflow.py for tasks to queue
[2022-10-18 05:06:16,122] {logging_mixin.py:109} INFO - [2022-10-18 05:06:16,122] {dagbag.py:500} INFO - Filling up the DagBag from /opt/airflow/dags/simple_numpy_airflow.py
[2022-10-18 05:06:17,030] {processor.py:654} INFO - DAG(s) dict_keys(['exampleDag']) retrieved from /opt/airflow/dags/simple_numpy_airflow.py
[2022-10-18 05:06:17,039] {logging_mixin.py:109} INFO - [2022-10-18 05:06:17,038] {dag.py:2396} INFO - Sync 1 DAGs
[2022-10-18 05:06:17,056] {logging_mixin.py:109} INFO - [2022-10-18 05:06:17,056] {dag.py:2935} INFO - Setting next_dagrun for exampleDag to 2022-10-18T04:51:45.151251+00:00
[2022-10-18 05:06:17,068] {processor.py:171} INFO - Processing /opt/airflow/dags/simple_numpy_airflow.py took 0.952 seconds
[2022-10-18 05:06:47,321] {processor.py:163} INFO - Started process (PID=1300) to work on /opt/airflow/dags/simple_numpy_airflow.py
[2022-10-18 05:06:47,323] {processor.py:642} INFO - Processing file /opt/airflow/dags/simple_numpy_airflow.py for tasks to queue
[2022-10-18 05:06:47,324] {logging_mixin.py:109} INFO - [2022-10-18 05:06:47,324] {dagbag.py:500} INFO - Filling up the DagBag from /opt/airflow/dags/simple_numpy_airflow.py
[2022-10-18 05:06:48,295] {processor.py:654} INFO - DAG(s) dict_keys(['exampleDag']) retrieved from /opt/airflow/dags/simple_numpy_airflow.py
[2022-10-18 05:06:48,304] {logging_mixin.py:109} INFO - [2022-10-18 05:06:48,304] {dag.py:2396} INFO - Sync 1 DAGs
[2022-10-18 05:06:48,326] {logging_mixin.py:109} INFO - [2022-10-18 05:06:48,326] {dag.py:2935} INFO - Setting next_dagrun for exampleDag to 2022-10-18T04:51:45.151251+00:00
[2022-10-18 05:06:48,337] {processor.py:171} INFO - Processing /opt/airflow/dags/simple_numpy_airflow.py took 1.021 seconds
[2022-10-18 05:07:18,580] {processor.py:163} INFO - Started process (PID=1346) to work on /opt/airflow/dags/simple_numpy_airflow.py
[2022-10-18 05:07:18,582] {processor.py:642} INFO - Processing file /opt/airflow/dags/simple_numpy_airflow.py for tasks to queue
[2022-10-18 05:07:18,584] {logging_mixin.py:109} INFO - [2022-10-18 05:07:18,583] {dagbag.py:500} INFO - Filling up the DagBag from /opt/airflow/dags/simple_numpy_airflow.py
[2022-10-18 05:07:19,420] {processor.py:654} INFO - DAG(s) dict_keys(['exampleDag']) retrieved from /opt/airflow/dags/simple_numpy_airflow.py
[2022-10-18 05:07:19,430] {logging_mixin.py:109} INFO - [2022-10-18 05:07:19,430] {dag.py:2396} INFO - Sync 1 DAGs
[2022-10-18 05:07:19,449] {logging_mixin.py:109} INFO - [2022-10-18 05:07:19,449] {dag.py:2935} INFO - Setting next_dagrun for exampleDag to 2022-10-18T04:51:45.151251+00:00
[2022-10-18 05:07:19,459] {processor.py:171} INFO - Processing /opt/airflow/dags/simple_numpy_airflow.py took 0.883 seconds
[2022-10-18 05:07:49,654] {processor.py:163} INFO - Started process (PID=1382) to work on /opt/airflow/dags/simple_numpy_airflow.py
[2022-10-18 05:07:49,656] {processor.py:642} INFO - Processing file /opt/airflow/dags/simple_numpy_airflow.py for tasks to queue
[2022-10-18 05:07:49,657] {logging_mixin.py:109} INFO - [2022-10-18 05:07:49,657] {dagbag.py:500} INFO - Filling up the DagBag from /opt/airflow/dags/simple_numpy_airflow.py
[2022-10-18 05:07:50,607] {processor.py:654} INFO - DAG(s) dict_keys(['exampleDag']) retrieved from /opt/airflow/dags/simple_numpy_airflow.py
[2022-10-18 05:07:50,619] {logging_mixin.py:109} INFO - [2022-10-18 05:07:50,618] {dag.py:2396} INFO - Sync 1 DAGs
[2022-10-18 05:07:50,640] {logging_mixin.py:109} INFO - [2022-10-18 05:07:50,640] {dag.py:2935} INFO - Setting next_dagrun for exampleDag to 2022-10-18T04:51:45.151251+00:00
[2022-10-18 05:07:50,652] {processor.py:171} INFO - Processing /opt/airflow/dags/simple_numpy_airflow.py took 1.002 seconds
[2022-10-18 05:08:20,842] {processor.py:163} INFO - Started process (PID=1427) to work on /opt/airflow/dags/simple_numpy_airflow.py
[2022-10-18 05:08:20,844] {processor.py:642} INFO - Processing file /opt/airflow/dags/simple_numpy_airflow.py for tasks to queue
[2022-10-18 05:08:20,845] {logging_mixin.py:109} INFO - [2022-10-18 05:08:20,845] {dagbag.py:500} INFO - Filling up the DagBag from /opt/airflow/dags/simple_numpy_airflow.py
[2022-10-18 05:08:21,649] {processor.py:654} INFO - DAG(s) dict_keys(['exampleDag']) retrieved from /opt/airflow/dags/simple_numpy_airflow.py
[2022-10-18 05:08:21,662] {logging_mixin.py:109} INFO - [2022-10-18 05:08:21,662] {dag.py:2396} INFO - Sync 1 DAGs
[2022-10-18 05:08:21,680] {logging_mixin.py:109} INFO - [2022-10-18 05:08:21,680] {dag.py:2935} INFO - Setting next_dagrun for exampleDag to 2022-10-18T04:51:45.151251+00:00
[2022-10-18 05:08:21,695] {processor.py:171} INFO - Processing /opt/airflow/dags/simple_numpy_airflow.py took 0.857 seconds
[2022-10-18 05:08:51,912] {processor.py:163} INFO - Started process (PID=1472) to work on /opt/airflow/dags/simple_numpy_airflow.py
[2022-10-18 05:08:51,913] {processor.py:642} INFO - Processing file /opt/airflow/dags/simple_numpy_airflow.py for tasks to queue
[2022-10-18 05:08:51,914] {logging_mixin.py:109} INFO - [2022-10-18 05:08:51,914] {dagbag.py:500} INFO - Filling up the DagBag from /opt/airflow/dags/simple_numpy_airflow.py
[2022-10-18 05:08:52,781] {processor.py:654} INFO - DAG(s) dict_keys(['exampleDag']) retrieved from /opt/airflow/dags/simple_numpy_airflow.py
[2022-10-18 05:08:52,794] {logging_mixin.py:109} INFO - [2022-10-18 05:08:52,793] {dag.py:2396} INFO - Sync 1 DAGs
[2022-10-18 05:08:52,814] {logging_mixin.py:109} INFO - [2022-10-18 05:08:52,813] {dag.py:2935} INFO - Setting next_dagrun for exampleDag to 2022-10-18T04:51:45.151251+00:00
[2022-10-18 05:08:52,827] {processor.py:171} INFO - Processing /opt/airflow/dags/simple_numpy_airflow.py took 0.919 seconds
[2022-10-18 05:09:23,055] {processor.py:163} INFO - Started process (PID=1508) to work on /opt/airflow/dags/simple_numpy_airflow.py
[2022-10-18 05:09:23,057] {processor.py:642} INFO - Processing file /opt/airflow/dags/simple_numpy_airflow.py for tasks to queue
[2022-10-18 05:09:23,059] {logging_mixin.py:109} INFO - [2022-10-18 05:09:23,058] {dagbag.py:500} INFO - Filling up the DagBag from /opt/airflow/dags/simple_numpy_airflow.py
[2022-10-18 05:09:23,944] {processor.py:654} INFO - DAG(s) dict_keys(['exampleDag']) retrieved from /opt/airflow/dags/simple_numpy_airflow.py
[2022-10-18 05:09:23,955] {logging_mixin.py:109} INFO - [2022-10-18 05:09:23,955] {dag.py:2396} INFO - Sync 1 DAGs
[2022-10-18 05:09:23,974] {logging_mixin.py:109} INFO - [2022-10-18 05:09:23,974] {dag.py:2935} INFO - Setting next_dagrun for exampleDag to 2022-10-18T04:51:45.151251+00:00
[2022-10-18 05:09:23,988] {processor.py:171} INFO - Processing /opt/airflow/dags/simple_numpy_airflow.py took 0.937 seconds
[2022-10-18 05:09:54,216] {processor.py:163} INFO - Started process (PID=1553) to work on /opt/airflow/dags/simple_numpy_airflow.py
[2022-10-18 05:09:54,219] {processor.py:642} INFO - Processing file /opt/airflow/dags/simple_numpy_airflow.py for tasks to queue
[2022-10-18 05:09:54,220] {logging_mixin.py:109} INFO - [2022-10-18 05:09:54,220] {dagbag.py:500} INFO - Filling up the DagBag from /opt/airflow/dags/simple_numpy_airflow.py
[2022-10-18 05:09:55,185] {processor.py:654} INFO - DAG(s) dict_keys(['exampleDag']) retrieved from /opt/airflow/dags/simple_numpy_airflow.py
[2022-10-18 05:09:55,196] {logging_mixin.py:109} INFO - [2022-10-18 05:09:55,196] {dag.py:2396} INFO - Sync 1 DAGs
[2022-10-18 05:09:55,221] {logging_mixin.py:109} INFO - [2022-10-18 05:09:55,221] {dag.py:2935} INFO - Setting next_dagrun for exampleDag to 2022-10-18T04:51:45.151251+00:00
[2022-10-18 05:09:55,234] {processor.py:171} INFO - Processing /opt/airflow/dags/simple_numpy_airflow.py took 1.024 seconds
[2022-10-18 05:10:25,458] {processor.py:163} INFO - Started process (PID=1589) to work on /opt/airflow/dags/simple_numpy_airflow.py
[2022-10-18 05:10:25,460] {processor.py:642} INFO - Processing file /opt/airflow/dags/simple_numpy_airflow.py for tasks to queue
[2022-10-18 05:10:25,461] {logging_mixin.py:109} INFO - [2022-10-18 05:10:25,461] {dagbag.py:500} INFO - Filling up the DagBag from /opt/airflow/dags/simple_numpy_airflow.py
[2022-10-18 05:10:26,476] {processor.py:654} INFO - DAG(s) dict_keys(['exampleDag']) retrieved from /opt/airflow/dags/simple_numpy_airflow.py
[2022-10-18 05:10:26,485] {logging_mixin.py:109} INFO - [2022-10-18 05:10:26,484] {dag.py:2396} INFO - Sync 1 DAGs
[2022-10-18 05:10:26,505] {logging_mixin.py:109} INFO - [2022-10-18 05:10:26,505] {dag.py:2935} INFO - Setting next_dagrun for exampleDag to 2022-10-18T04:51:45.151251+00:00
[2022-10-18 05:10:26,515] {processor.py:171} INFO - Processing /opt/airflow/dags/simple_numpy_airflow.py took 1.061 seconds
[2022-10-18 05:10:56,732] {processor.py:163} INFO - Started process (PID=1635) to work on /opt/airflow/dags/simple_numpy_airflow.py
[2022-10-18 05:10:56,733] {processor.py:642} INFO - Processing file /opt/airflow/dags/simple_numpy_airflow.py for tasks to queue
[2022-10-18 05:10:56,734] {logging_mixin.py:109} INFO - [2022-10-18 05:10:56,734] {dagbag.py:500} INFO - Filling up the DagBag from /opt/airflow/dags/simple_numpy_airflow.py
[2022-10-18 05:10:57,536] {processor.py:654} INFO - DAG(s) dict_keys(['exampleDag']) retrieved from /opt/airflow/dags/simple_numpy_airflow.py
[2022-10-18 05:10:57,550] {logging_mixin.py:109} INFO - [2022-10-18 05:10:57,550] {dag.py:2396} INFO - Sync 1 DAGs
[2022-10-18 05:10:57,572] {logging_mixin.py:109} INFO - [2022-10-18 05:10:57,571] {dag.py:2935} INFO - Setting next_dagrun for exampleDag to 2022-10-18T04:51:45.151251+00:00
[2022-10-18 05:10:57,602] {processor.py:171} INFO - Processing /opt/airflow/dags/simple_numpy_airflow.py took 0.877 seconds
[2022-10-18 05:11:27,831] {processor.py:163} INFO - Started process (PID=1671) to work on /opt/airflow/dags/simple_numpy_airflow.py
[2022-10-18 05:11:27,833] {processor.py:642} INFO - Processing file /opt/airflow/dags/simple_numpy_airflow.py for tasks to queue
[2022-10-18 05:11:27,834] {logging_mixin.py:109} INFO - [2022-10-18 05:11:27,834] {dagbag.py:500} INFO - Filling up the DagBag from /opt/airflow/dags/simple_numpy_airflow.py
[2022-10-18 05:11:28,803] {processor.py:654} INFO - DAG(s) dict_keys(['exampleDag']) retrieved from /opt/airflow/dags/simple_numpy_airflow.py
[2022-10-18 05:11:28,818] {logging_mixin.py:109} INFO - [2022-10-18 05:11:28,818] {dag.py:2396} INFO - Sync 1 DAGs
[2022-10-18 05:11:28,843] {logging_mixin.py:109} INFO - [2022-10-18 05:11:28,843] {dag.py:2935} INFO - Setting next_dagrun for exampleDag to 2022-10-18T04:51:45.151251+00:00
[2022-10-18 05:11:28,860] {processor.py:171} INFO - Processing /opt/airflow/dags/simple_numpy_airflow.py took 1.034 seconds
[2022-10-18 05:11:59,060] {processor.py:163} INFO - Started process (PID=1717) to work on /opt/airflow/dags/simple_numpy_airflow.py
[2022-10-18 05:11:59,063] {processor.py:642} INFO - Processing file /opt/airflow/dags/simple_numpy_airflow.py for tasks to queue
[2022-10-18 05:11:59,065] {logging_mixin.py:109} INFO - [2022-10-18 05:11:59,065] {dagbag.py:500} INFO - Filling up the DagBag from /opt/airflow/dags/simple_numpy_airflow.py
[2022-10-18 05:12:00,111] {processor.py:654} INFO - DAG(s) dict_keys(['exampleDag']) retrieved from /opt/airflow/dags/simple_numpy_airflow.py
[2022-10-18 05:12:00,122] {logging_mixin.py:109} INFO - [2022-10-18 05:12:00,122] {dag.py:2396} INFO - Sync 1 DAGs
[2022-10-18 05:12:00,139] {logging_mixin.py:109} INFO - [2022-10-18 05:12:00,139] {dag.py:2935} INFO - Setting next_dagrun for exampleDag to 2022-10-18T04:51:45.151251+00:00
[2022-10-18 05:12:00,153] {processor.py:171} INFO - Processing /opt/airflow/dags/simple_numpy_airflow.py took 1.098 seconds
[2022-10-18 05:12:30,382] {processor.py:163} INFO - Started process (PID=1753) to work on /opt/airflow/dags/simple_numpy_airflow.py
[2022-10-18 05:12:30,384] {processor.py:642} INFO - Processing file /opt/airflow/dags/simple_numpy_airflow.py for tasks to queue
[2022-10-18 05:12:30,385] {logging_mixin.py:109} INFO - [2022-10-18 05:12:30,385] {dagbag.py:500} INFO - Filling up the DagBag from /opt/airflow/dags/simple_numpy_airflow.py
[2022-10-18 05:12:31,401] {processor.py:654} INFO - DAG(s) dict_keys(['exampleDag']) retrieved from /opt/airflow/dags/simple_numpy_airflow.py
[2022-10-18 05:12:31,411] {logging_mixin.py:109} INFO - [2022-10-18 05:12:31,410] {dag.py:2396} INFO - Sync 1 DAGs
[2022-10-18 05:12:31,427] {logging_mixin.py:109} INFO - [2022-10-18 05:12:31,427] {dag.py:2935} INFO - Setting next_dagrun for exampleDag to 2022-10-18T04:51:45.151251+00:00
[2022-10-18 05:12:31,440] {processor.py:171} INFO - Processing /opt/airflow/dags/simple_numpy_airflow.py took 1.062 seconds
[2022-10-18 05:13:01,678] {processor.py:163} INFO - Started process (PID=1798) to work on /opt/airflow/dags/simple_numpy_airflow.py
[2022-10-18 05:13:01,680] {processor.py:642} INFO - Processing file /opt/airflow/dags/simple_numpy_airflow.py for tasks to queue
[2022-10-18 05:13:01,681] {logging_mixin.py:109} INFO - [2022-10-18 05:13:01,681] {dagbag.py:500} INFO - Filling up the DagBag from /opt/airflow/dags/simple_numpy_airflow.py
[2022-10-18 05:13:02,438] {processor.py:654} INFO - DAG(s) dict_keys(['exampleDag']) retrieved from /opt/airflow/dags/simple_numpy_airflow.py
[2022-10-18 05:13:02,447] {logging_mixin.py:109} INFO - [2022-10-18 05:13:02,446] {dag.py:2396} INFO - Sync 1 DAGs
[2022-10-18 05:13:02,462] {logging_mixin.py:109} INFO - [2022-10-18 05:13:02,462] {dag.py:2935} INFO - Setting next_dagrun for exampleDag to 2022-10-18T04:51:45.151251+00:00
[2022-10-18 05:13:02,473] {processor.py:171} INFO - Processing /opt/airflow/dags/simple_numpy_airflow.py took 0.799 seconds
[2022-10-18 05:13:32,736] {processor.py:163} INFO - Started process (PID=1834) to work on /opt/airflow/dags/simple_numpy_airflow.py
[2022-10-18 05:13:32,738] {processor.py:642} INFO - Processing file /opt/airflow/dags/simple_numpy_airflow.py for tasks to queue
[2022-10-18 05:13:32,739] {logging_mixin.py:109} INFO - [2022-10-18 05:13:32,739] {dagbag.py:500} INFO - Filling up the DagBag from /opt/airflow/dags/simple_numpy_airflow.py
[2022-10-18 05:13:33,553] {processor.py:654} INFO - DAG(s) dict_keys(['exampleDag']) retrieved from /opt/airflow/dags/simple_numpy_airflow.py
[2022-10-18 05:13:33,561] {logging_mixin.py:109} INFO - [2022-10-18 05:13:33,561] {dag.py:2396} INFO - Sync 1 DAGs
[2022-10-18 05:13:33,579] {logging_mixin.py:109} INFO - [2022-10-18 05:13:33,579] {dag.py:2935} INFO - Setting next_dagrun for exampleDag to 2022-10-18T04:51:45.151251+00:00
[2022-10-18 05:13:33,589] {processor.py:171} INFO - Processing /opt/airflow/dags/simple_numpy_airflow.py took 0.857 seconds
[2022-10-18 05:14:03,820] {processor.py:163} INFO - Started process (PID=1880) to work on /opt/airflow/dags/simple_numpy_airflow.py
[2022-10-18 05:14:03,822] {processor.py:642} INFO - Processing file /opt/airflow/dags/simple_numpy_airflow.py for tasks to queue
[2022-10-18 05:14:03,823] {logging_mixin.py:109} INFO - [2022-10-18 05:14:03,823] {dagbag.py:500} INFO - Filling up the DagBag from /opt/airflow/dags/simple_numpy_airflow.py
[2022-10-18 05:14:04,676] {processor.py:654} INFO - DAG(s) dict_keys(['exampleDag']) retrieved from /opt/airflow/dags/simple_numpy_airflow.py
[2022-10-18 05:14:04,686] {logging_mixin.py:109} INFO - [2022-10-18 05:14:04,686] {dag.py:2396} INFO - Sync 1 DAGs
[2022-10-18 05:14:04,700] {logging_mixin.py:109} INFO - [2022-10-18 05:14:04,700] {dag.py:2935} INFO - Setting next_dagrun for exampleDag to 2022-10-18T04:51:45.151251+00:00
[2022-10-18 05:14:04,710] {processor.py:171} INFO - Processing /opt/airflow/dags/simple_numpy_airflow.py took 0.894 seconds
[2022-10-18 05:14:34,910] {processor.py:163} INFO - Started process (PID=1916) to work on /opt/airflow/dags/simple_numpy_airflow.py
[2022-10-18 05:14:34,912] {processor.py:642} INFO - Processing file /opt/airflow/dags/simple_numpy_airflow.py for tasks to queue
[2022-10-18 05:14:34,913] {logging_mixin.py:109} INFO - [2022-10-18 05:14:34,913] {dagbag.py:500} INFO - Filling up the DagBag from /opt/airflow/dags/simple_numpy_airflow.py
[2022-10-18 05:14:35,770] {processor.py:654} INFO - DAG(s) dict_keys(['exampleDag']) retrieved from /opt/airflow/dags/simple_numpy_airflow.py
[2022-10-18 05:14:35,784] {logging_mixin.py:109} INFO - [2022-10-18 05:14:35,784] {dag.py:2396} INFO - Sync 1 DAGs
[2022-10-18 05:14:35,811] {logging_mixin.py:109} INFO - [2022-10-18 05:14:35,811] {dag.py:2935} INFO - Setting next_dagrun for exampleDag to 2022-10-18T04:51:45.151251+00:00
[2022-10-18 05:14:35,828] {processor.py:171} INFO - Processing /opt/airflow/dags/simple_numpy_airflow.py took 0.924 seconds
