[2022-10-18 04:52:01,597] {taskinstance.py:1032} INFO - Dependencies all met for <TaskInstance: data_ingestion_gcs_dag.download_dataset_task manual__2022-10-18T04:51:57.681844+00:00 [queued]>
[2022-10-18 04:52:01,611] {taskinstance.py:1032} INFO - Dependencies all met for <TaskInstance: data_ingestion_gcs_dag.download_dataset_task manual__2022-10-18T04:51:57.681844+00:00 [queued]>
[2022-10-18 04:52:01,612] {taskinstance.py:1238} INFO - 
--------------------------------------------------------------------------------
[2022-10-18 04:52:01,613] {taskinstance.py:1239} INFO - Starting attempt 1 of 2
[2022-10-18 04:52:01,613] {taskinstance.py:1240} INFO - 
--------------------------------------------------------------------------------
[2022-10-18 04:52:01,626] {taskinstance.py:1259} INFO - Executing <Task(BashOperator): download_dataset_task> on 2022-10-18 04:51:57.681844+00:00
[2022-10-18 04:52:01,631] {standard_task_runner.py:52} INFO - Started process 139 to run task
[2022-10-18 04:52:01,636] {standard_task_runner.py:76} INFO - Running: ['***', 'tasks', 'run', 'data_ingestion_gcs_dag', 'download_dataset_task', 'manual__2022-10-18T04:51:57.681844+00:00', '--job-id', '85', '--raw', '--subdir', 'DAGS_FOLDER/data_ingestion_gcs_dag.py', '--cfg-path', '/tmp/tmp047th_2q', '--error-file', '/tmp/tmpq9nhgdsq']
[2022-10-18 04:52:01,638] {standard_task_runner.py:77} INFO - Job 85: Subtask download_dataset_task
[2022-10-18 04:52:01,701] {logging_mixin.py:109} INFO - Running <TaskInstance: data_ingestion_gcs_dag.download_dataset_task manual__2022-10-18T04:51:57.681844+00:00 [running]> on host aa6ed6516576
[2022-10-18 04:52:01,760] {taskinstance.py:1426} INFO - Exporting the following env vars:
AIRFLOW_CTX_DAG_OWNER=***
AIRFLOW_CTX_DAG_ID=data_ingestion_gcs_dag
AIRFLOW_CTX_TASK_ID=download_dataset_task
AIRFLOW_CTX_EXECUTION_DATE=2022-10-18T04:51:57.681844+00:00
AIRFLOW_CTX_DAG_RUN_ID=manual__2022-10-18T04:51:57.681844+00:00
[2022-10-18 04:52:01,762] {subprocess.py:62} INFO - Tmp dir root location: 
 /tmp
[2022-10-18 04:52:01,763] {subprocess.py:74} INFO - Running command: ['bash', '-c', 'curl -sSL https://people.sc.fsu.edu/~jburkardt/data/csv//yellow_tripdata_2021-01.csv > /opt/***//yellow_tripdata_2021-01.csv']
[2022-10-18 04:52:01,775] {subprocess.py:85} INFO - Output:
[2022-10-18 04:52:04,836] {subprocess.py:93} INFO - Command exited with return code 0
[2022-10-18 04:52:04,863] {taskinstance.py:1277} INFO - Marking task as SUCCESS. dag_id=data_ingestion_gcs_dag, task_id=download_dataset_task, execution_date=20221018T045157, start_date=20221018T045201, end_date=20221018T045204
[2022-10-18 04:52:04,907] {local_task_job.py:154} INFO - Task exited with return code 0
[2022-10-18 04:52:04,950] {local_task_job.py:264} INFO - 1 downstream tasks scheduled from follow-on schedule check
