[2022-09-27 09:58:10,548] {taskinstance.py:1032} INFO - Dependencies all met for <TaskInstance: exampleDag.bigquery_external_table_task manual__2022-09-27T09:58:06.875301+00:00 [queued]>
[2022-09-27 09:58:10,559] {taskinstance.py:1032} INFO - Dependencies all met for <TaskInstance: exampleDag.bigquery_external_table_task manual__2022-09-27T09:58:06.875301+00:00 [queued]>
[2022-09-27 09:58:10,560] {taskinstance.py:1238} INFO - 
--------------------------------------------------------------------------------
[2022-09-27 09:58:10,560] {taskinstance.py:1239} INFO - Starting attempt 1 of 2
[2022-09-27 09:58:10,561] {taskinstance.py:1240} INFO - 
--------------------------------------------------------------------------------
[2022-09-27 09:58:10,574] {taskinstance.py:1259} INFO - Executing <Task(BigQueryCreateExternalTableOperator): bigquery_external_table_task> on 2022-09-27 09:58:06.875301+00:00
[2022-09-27 09:58:10,580] {standard_task_runner.py:52} INFO - Started process 3349 to run task
[2022-09-27 09:58:10,583] {standard_task_runner.py:76} INFO - Running: ['***', 'tasks', 'run', 'exampleDag', 'bigquery_external_table_task', 'manual__2022-09-27T09:58:06.875301+00:00', '--job-id', '52', '--raw', '--subdir', 'DAGS_FOLDER/simple_numpy_***.py', '--cfg-path', '/tmp/tmpuuhnp_up', '--error-file', '/tmp/tmp0lukz5qe']
[2022-09-27 09:58:10,585] {standard_task_runner.py:77} INFO - Job 52: Subtask bigquery_external_table_task
[2022-09-27 09:58:10,646] {logging_mixin.py:109} INFO - Running <TaskInstance: exampleDag.bigquery_external_table_task manual__2022-09-27T09:58:06.875301+00:00 [running]> on host 24a0396a8e53
[2022-09-27 09:58:10,707] {taskinstance.py:1426} INFO - Exporting the following env vars:
AIRFLOW_CTX_DAG_OWNER=***
AIRFLOW_CTX_DAG_ID=exampleDag
AIRFLOW_CTX_TASK_ID=bigquery_external_table_task
AIRFLOW_CTX_EXECUTION_DATE=2022-09-27T09:58:06.875301+00:00
AIRFLOW_CTX_DAG_RUN_ID=manual__2022-09-27T09:58:06.875301+00:00
[2022-09-27 09:58:10,708] {crypto.py:82} WARNING - empty cryptography key - values will not be stored encrypted.
[2022-09-27 09:58:12,134] {taskinstance.py:1277} INFO - Marking task as SUCCESS. dag_id=exampleDag, task_id=bigquery_external_table_task, execution_date=20220927T095806, start_date=20220927T095810, end_date=20220927T095812
[2022-09-27 09:58:12,167] {local_task_job.py:154} INFO - Task exited with return code 0
[2022-09-27 09:58:12,218] {local_task_job.py:264} INFO - 0 downstream tasks scheduled from follow-on schedule check
