[2022-10-18 04:52:06,852] {taskinstance.py:1032} INFO - Dependencies all met for <TaskInstance: data_ingestion_gcs_dag.format_to_parquet_task manual__2022-10-18T04:51:57.681844+00:00 [queued]>
[2022-10-18 04:52:06,876] {taskinstance.py:1032} INFO - Dependencies all met for <TaskInstance: data_ingestion_gcs_dag.format_to_parquet_task manual__2022-10-18T04:51:57.681844+00:00 [queued]>
[2022-10-18 04:52:06,877] {taskinstance.py:1238} INFO - 
--------------------------------------------------------------------------------
[2022-10-18 04:52:06,877] {taskinstance.py:1239} INFO - Starting attempt 1 of 2
[2022-10-18 04:52:06,877] {taskinstance.py:1240} INFO - 
--------------------------------------------------------------------------------
[2022-10-18 04:52:06,895] {taskinstance.py:1259} INFO - Executing <Task(PythonOperator): format_to_parquet_task> on 2022-10-18 04:51:57.681844+00:00
[2022-10-18 04:52:06,902] {standard_task_runner.py:52} INFO - Started process 145 to run task
[2022-10-18 04:52:06,907] {standard_task_runner.py:76} INFO - Running: ['***', 'tasks', 'run', 'data_ingestion_gcs_dag', 'format_to_parquet_task', 'manual__2022-10-18T04:51:57.681844+00:00', '--job-id', '86', '--raw', '--subdir', 'DAGS_FOLDER/data_ingestion_gcs_dag.py', '--cfg-path', '/tmp/tmpi4uqn5co', '--error-file', '/tmp/tmpj04yky69']
[2022-10-18 04:52:06,908] {standard_task_runner.py:77} INFO - Job 86: Subtask format_to_parquet_task
[2022-10-18 04:52:06,986] {logging_mixin.py:109} INFO - Running <TaskInstance: data_ingestion_gcs_dag.format_to_parquet_task manual__2022-10-18T04:51:57.681844+00:00 [running]> on host aa6ed6516576
[2022-10-18 04:52:07,070] {taskinstance.py:1426} INFO - Exporting the following env vars:
AIRFLOW_CTX_DAG_OWNER=***
AIRFLOW_CTX_DAG_ID=data_ingestion_gcs_dag
AIRFLOW_CTX_TASK_ID=format_to_parquet_task
AIRFLOW_CTX_EXECUTION_DATE=2022-10-18T04:51:57.681844+00:00
AIRFLOW_CTX_DAG_RUN_ID=manual__2022-10-18T04:51:57.681844+00:00
[2022-10-18 04:52:07,244] {python.py:175} INFO - Done. Returned value was: None
[2022-10-18 04:52:07,292] {taskinstance.py:1277} INFO - Marking task as SUCCESS. dag_id=data_ingestion_gcs_dag, task_id=format_to_parquet_task, execution_date=20221018T045157, start_date=20221018T045206, end_date=20221018T045207
[2022-10-18 04:52:07,360] {local_task_job.py:154} INFO - Task exited with return code 0
[2022-10-18 04:52:07,400] {local_task_job.py:264} INFO - 1 downstream tasks scheduled from follow-on schedule check
