[2022-09-27 09:00:56,361] {taskinstance.py:1032} INFO - Dependencies all met for <TaskInstance: exampleDag.add_gcp_connection_python manual__2022-09-27T09:00:54.923889+00:00 [queued]>
[2022-09-27 09:00:56,385] {taskinstance.py:1032} INFO - Dependencies all met for <TaskInstance: exampleDag.add_gcp_connection_python manual__2022-09-27T09:00:54.923889+00:00 [queued]>
[2022-09-27 09:00:56,386] {taskinstance.py:1238} INFO - 
--------------------------------------------------------------------------------
[2022-09-27 09:00:56,387] {taskinstance.py:1239} INFO - Starting attempt 1 of 2
[2022-09-27 09:00:56,388] {taskinstance.py:1240} INFO - 
--------------------------------------------------------------------------------
[2022-09-27 09:00:56,417] {taskinstance.py:1259} INFO - Executing <Task(PythonOperator): add_gcp_connection_python> on 2022-09-27 09:00:54.923889+00:00
[2022-09-27 09:00:56,427] {standard_task_runner.py:52} INFO - Started process 905 to run task
[2022-09-27 09:00:56,435] {standard_task_runner.py:76} INFO - Running: ['***', 'tasks', 'run', 'exampleDag', 'add_gcp_connection_python', 'manual__2022-09-27T09:00:54.923889+00:00', '--job-id', '36', '--raw', '--subdir', 'DAGS_FOLDER/simple_numpy_***.py', '--cfg-path', '/tmp/tmpikk97tco', '--error-file', '/tmp/tmpu91opc_o']
[2022-09-27 09:00:56,438] {standard_task_runner.py:77} INFO - Job 36: Subtask add_gcp_connection_python
[2022-09-27 09:00:56,551] {logging_mixin.py:109} INFO - Running <TaskInstance: exampleDag.add_gcp_connection_python manual__2022-09-27T09:00:54.923889+00:00 [running]> on host 24a0396a8e53
[2022-09-27 09:00:56,613] {taskinstance.py:1426} INFO - Exporting the following env vars:
AIRFLOW_CTX_DAG_OWNER=***
AIRFLOW_CTX_DAG_ID=exampleDag
AIRFLOW_CTX_TASK_ID=add_gcp_connection_python
AIRFLOW_CTX_EXECUTION_DATE=2022-09-27T09:00:54.923889+00:00
AIRFLOW_CTX_DAG_RUN_ID=manual__2022-09-27T09:00:54.923889+00:00
[2022-09-27 09:00:56,614] {warnings.py:110} WARNING - /home/***/.local/lib/python3.7/site-packages/***/utils/context.py:152: AirflowContextDeprecationWarning: Accessing 'execution_date' from the template is deprecated and will be removed in a future version. Please use 'data_interval_start' or 'logical_date' instead.
  warnings.warn(_create_deprecation_warning(key, self._deprecation_replacements[key]))

[2022-09-27 09:00:56,615] {warnings.py:110} WARNING - /home/***/.local/lib/python3.7/site-packages/***/utils/context.py:152: AirflowContextDeprecationWarning: Accessing 'next_ds' from the template is deprecated and will be removed in a future version. Please use '{{ data_interval_end | ds }}' instead.
  warnings.warn(_create_deprecation_warning(key, self._deprecation_replacements[key]))

[2022-09-27 09:00:56,616] {warnings.py:110} WARNING - /home/***/.local/lib/python3.7/site-packages/***/utils/context.py:152: AirflowContextDeprecationWarning: Accessing 'next_ds_nodash' from the template is deprecated and will be removed in a future version. Please use '{{ data_interval_end | ds_nodash }}' instead.
  warnings.warn(_create_deprecation_warning(key, self._deprecation_replacements[key]))

[2022-09-27 09:00:56,616] {warnings.py:110} WARNING - /home/***/.local/lib/python3.7/site-packages/***/utils/context.py:152: AirflowContextDeprecationWarning: Accessing 'next_execution_date' from the template is deprecated and will be removed in a future version. Please use 'data_interval_end' instead.
  warnings.warn(_create_deprecation_warning(key, self._deprecation_replacements[key]))

[2022-09-27 09:00:56,617] {warnings.py:110} WARNING - /home/***/.local/lib/python3.7/site-packages/***/utils/context.py:152: AirflowContextDeprecationWarning: Accessing 'prev_ds' from the template is deprecated and will be removed in a future version.
  warnings.warn(_create_deprecation_warning(key, self._deprecation_replacements[key]))

[2022-09-27 09:00:56,618] {warnings.py:110} WARNING - /home/***/.local/lib/python3.7/site-packages/***/utils/context.py:152: AirflowContextDeprecationWarning: Accessing 'prev_ds_nodash' from the template is deprecated and will be removed in a future version.
  warnings.warn(_create_deprecation_warning(key, self._deprecation_replacements[key]))

[2022-09-27 09:00:56,618] {warnings.py:110} WARNING - /home/***/.local/lib/python3.7/site-packages/***/utils/context.py:152: AirflowContextDeprecationWarning: Accessing 'prev_execution_date' from the template is deprecated and will be removed in a future version.
  warnings.warn(_create_deprecation_warning(key, self._deprecation_replacements[key]))

[2022-09-27 09:00:56,619] {warnings.py:110} WARNING - /home/***/.local/lib/python3.7/site-packages/***/utils/context.py:152: AirflowContextDeprecationWarning: Accessing 'prev_execution_date_success' from the template is deprecated and will be removed in a future version. Please use 'prev_data_interval_start_success' instead.
  warnings.warn(_create_deprecation_warning(key, self._deprecation_replacements[key]))

[2022-09-27 09:00:56,620] {warnings.py:110} WARNING - /home/***/.local/lib/python3.7/site-packages/***/utils/context.py:152: AirflowContextDeprecationWarning: Accessing 'tomorrow_ds' from the template is deprecated and will be removed in a future version.
  warnings.warn(_create_deprecation_warning(key, self._deprecation_replacements[key]))

[2022-09-27 09:00:56,620] {warnings.py:110} WARNING - /home/***/.local/lib/python3.7/site-packages/***/utils/context.py:152: AirflowContextDeprecationWarning: Accessing 'tomorrow_ds_nodash' from the template is deprecated and will be removed in a future version.
  warnings.warn(_create_deprecation_warning(key, self._deprecation_replacements[key]))

[2022-09-27 09:00:56,621] {warnings.py:110} WARNING - /home/***/.local/lib/python3.7/site-packages/***/utils/context.py:152: AirflowContextDeprecationWarning: Accessing 'yesterday_ds' from the template is deprecated and will be removed in a future version.
  warnings.warn(_create_deprecation_warning(key, self._deprecation_replacements[key]))

[2022-09-27 09:00:56,621] {warnings.py:110} WARNING - /home/***/.local/lib/python3.7/site-packages/***/utils/context.py:152: AirflowContextDeprecationWarning: Accessing 'yesterday_ds_nodash' from the template is deprecated and will be removed in a future version.
  warnings.warn(_create_deprecation_warning(key, self._deprecation_replacements[key]))

[2022-09-27 09:00:56,633] {crypto.py:82} WARNING - empty cryptography key - values will not be stored encrypted.
[2022-09-27 09:00:56,635] {python.py:175} INFO - Done. Returned value was: None
[2022-09-27 09:00:56,651] {taskinstance.py:1277} INFO - Marking task as SUCCESS. dag_id=exampleDag, task_id=add_gcp_connection_python, execution_date=20220927T090054, start_date=20220927T090056, end_date=20220927T090056
[2022-09-27 09:00:56,689] {local_task_job.py:154} INFO - Task exited with return code 0
[2022-09-27 09:00:56,734] {local_task_job.py:264} INFO - 1 downstream tasks scheduled from follow-on schedule check
