[2022-09-27 08:49:21,599] {taskinstance.py:1032} INFO - Dependencies all met for <TaskInstance: exampleDag.simpleNumpyToGCS manual__2022-09-27T08:49:18.124864+00:00 [queued]>
[2022-09-27 08:49:21,622] {taskinstance.py:1032} INFO - Dependencies all met for <TaskInstance: exampleDag.simpleNumpyToGCS manual__2022-09-27T08:49:18.124864+00:00 [queued]>
[2022-09-27 08:49:21,623] {taskinstance.py:1238} INFO - 
--------------------------------------------------------------------------------
[2022-09-27 08:49:21,623] {taskinstance.py:1239} INFO - Starting attempt 1 of 2
[2022-09-27 08:49:21,624] {taskinstance.py:1240} INFO - 
--------------------------------------------------------------------------------
[2022-09-27 08:49:21,653] {taskinstance.py:1259} INFO - Executing <Task(PythonOperator): simpleNumpyToGCS> on 2022-09-27 08:49:18.124864+00:00
[2022-09-27 08:49:21,661] {standard_task_runner.py:52} INFO - Started process 412 to run task
[2022-09-27 08:49:21,682] {standard_task_runner.py:76} INFO - Running: ['***', 'tasks', 'run', 'exampleDag', 'simpleNumpyToGCS', 'manual__2022-09-27T08:49:18.124864+00:00', '--job-id', '35', '--raw', '--subdir', 'DAGS_FOLDER/simple_numpy_***.py', '--cfg-path', '/tmp/tmpds5ho6nz', '--error-file', '/tmp/tmphjbpy0rs']
[2022-09-27 08:49:21,693] {standard_task_runner.py:77} INFO - Job 35: Subtask simpleNumpyToGCS
[2022-09-27 08:49:21,891] {logging_mixin.py:109} INFO - Running <TaskInstance: exampleDag.simpleNumpyToGCS manual__2022-09-27T08:49:18.124864+00:00 [running]> on host 24a0396a8e53
[2022-09-27 08:49:22,054] {taskinstance.py:1426} INFO - Exporting the following env vars:
AIRFLOW_CTX_DAG_OWNER=***
AIRFLOW_CTX_DAG_ID=exampleDag
AIRFLOW_CTX_TASK_ID=simpleNumpyToGCS
AIRFLOW_CTX_EXECUTION_DATE=2022-09-27T08:49:18.124864+00:00
AIRFLOW_CTX_DAG_RUN_ID=manual__2022-09-27T08:49:18.124864+00:00
[2022-09-27 08:49:22,055] {warnings.py:110} WARNING - /home/***/.local/lib/python3.7/site-packages/***/utils/context.py:152: AirflowContextDeprecationWarning: Accessing 'execution_date' from the template is deprecated and will be removed in a future version. Please use 'data_interval_start' or 'logical_date' instead.
  warnings.warn(_create_deprecation_warning(key, self._deprecation_replacements[key]))

[2022-09-27 08:49:22,056] {warnings.py:110} WARNING - /home/***/.local/lib/python3.7/site-packages/***/utils/context.py:152: AirflowContextDeprecationWarning: Accessing 'next_ds' from the template is deprecated and will be removed in a future version. Please use '{{ data_interval_end | ds }}' instead.
  warnings.warn(_create_deprecation_warning(key, self._deprecation_replacements[key]))

[2022-09-27 08:49:22,056] {warnings.py:110} WARNING - /home/***/.local/lib/python3.7/site-packages/***/utils/context.py:152: AirflowContextDeprecationWarning: Accessing 'next_ds_nodash' from the template is deprecated and will be removed in a future version. Please use '{{ data_interval_end | ds_nodash }}' instead.
  warnings.warn(_create_deprecation_warning(key, self._deprecation_replacements[key]))

[2022-09-27 08:49:22,057] {warnings.py:110} WARNING - /home/***/.local/lib/python3.7/site-packages/***/utils/context.py:152: AirflowContextDeprecationWarning: Accessing 'next_execution_date' from the template is deprecated and will be removed in a future version. Please use 'data_interval_end' instead.
  warnings.warn(_create_deprecation_warning(key, self._deprecation_replacements[key]))

[2022-09-27 08:49:22,057] {warnings.py:110} WARNING - /home/***/.local/lib/python3.7/site-packages/***/utils/context.py:152: AirflowContextDeprecationWarning: Accessing 'prev_ds' from the template is deprecated and will be removed in a future version.
  warnings.warn(_create_deprecation_warning(key, self._deprecation_replacements[key]))

[2022-09-27 08:49:22,058] {warnings.py:110} WARNING - /home/***/.local/lib/python3.7/site-packages/***/utils/context.py:152: AirflowContextDeprecationWarning: Accessing 'prev_ds_nodash' from the template is deprecated and will be removed in a future version.
  warnings.warn(_create_deprecation_warning(key, self._deprecation_replacements[key]))

[2022-09-27 08:49:22,059] {warnings.py:110} WARNING - /home/***/.local/lib/python3.7/site-packages/***/utils/context.py:152: AirflowContextDeprecationWarning: Accessing 'prev_execution_date' from the template is deprecated and will be removed in a future version.
  warnings.warn(_create_deprecation_warning(key, self._deprecation_replacements[key]))

[2022-09-27 08:49:22,059] {warnings.py:110} WARNING - /home/***/.local/lib/python3.7/site-packages/***/utils/context.py:152: AirflowContextDeprecationWarning: Accessing 'prev_execution_date_success' from the template is deprecated and will be removed in a future version. Please use 'prev_data_interval_start_success' instead.
  warnings.warn(_create_deprecation_warning(key, self._deprecation_replacements[key]))

[2022-09-27 08:49:22,060] {warnings.py:110} WARNING - /home/***/.local/lib/python3.7/site-packages/***/utils/context.py:152: AirflowContextDeprecationWarning: Accessing 'tomorrow_ds' from the template is deprecated and will be removed in a future version.
  warnings.warn(_create_deprecation_warning(key, self._deprecation_replacements[key]))

[2022-09-27 08:49:22,060] {warnings.py:110} WARNING - /home/***/.local/lib/python3.7/site-packages/***/utils/context.py:152: AirflowContextDeprecationWarning: Accessing 'tomorrow_ds_nodash' from the template is deprecated and will be removed in a future version.
  warnings.warn(_create_deprecation_warning(key, self._deprecation_replacements[key]))

[2022-09-27 08:49:22,061] {warnings.py:110} WARNING - /home/***/.local/lib/python3.7/site-packages/***/utils/context.py:152: AirflowContextDeprecationWarning: Accessing 'yesterday_ds' from the template is deprecated and will be removed in a future version.
  warnings.warn(_create_deprecation_warning(key, self._deprecation_replacements[key]))

[2022-09-27 08:49:22,062] {warnings.py:110} WARNING - /home/***/.local/lib/python3.7/site-packages/***/utils/context.py:152: AirflowContextDeprecationWarning: Accessing 'yesterday_ds_nodash' from the template is deprecated and will be removed in a future version.
  warnings.warn(_create_deprecation_warning(key, self._deprecation_replacements[key]))

[2022-09-27 08:49:22,063] {crypto.py:82} WARNING - empty cryptography key - values will not be stored encrypted.
[2022-09-27 08:49:23,035] {gcs.py:486} INFO - File example1.csv uploaded to ***/example_***.csv in fellowship_77 bucket
[2022-09-27 08:49:23,037] {python.py:175} INFO - Done. Returned value was: None
[2022-09-27 08:49:23,056] {taskinstance.py:1277} INFO - Marking task as SUCCESS. dag_id=exampleDag, task_id=simpleNumpyToGCS, execution_date=20220927T084918, start_date=20220927T084921, end_date=20220927T084923
[2022-09-27 08:49:23,107] {local_task_job.py:154} INFO - Task exited with return code 0
[2022-09-27 08:49:23,145] {local_task_job.py:264} INFO - 0 downstream tasks scheduled from follow-on schedule check
