[2022-09-27 08:44:37,177] {taskinstance.py:1032} INFO - Dependencies all met for <TaskInstance: exampleDag.add_gcp_connection_python manual__2022-09-27T08:44:33.704716+00:00 [queued]>
[2022-09-27 08:44:37,189] {taskinstance.py:1032} INFO - Dependencies all met for <TaskInstance: exampleDag.add_gcp_connection_python manual__2022-09-27T08:44:33.704716+00:00 [queued]>
[2022-09-27 08:44:37,190] {taskinstance.py:1238} INFO - 
--------------------------------------------------------------------------------
[2022-09-27 08:44:37,190] {taskinstance.py:1239} INFO - Starting attempt 1 of 2
[2022-09-27 08:44:37,191] {taskinstance.py:1240} INFO - 
--------------------------------------------------------------------------------
[2022-09-27 08:44:37,206] {taskinstance.py:1259} INFO - Executing <Task(PythonOperator): add_gcp_connection_python> on 2022-09-27 08:44:33.704716+00:00
[2022-09-27 08:44:37,212] {standard_task_runner.py:52} INFO - Started process 204 to run task
[2022-09-27 08:44:37,216] {standard_task_runner.py:76} INFO - Running: ['***', 'tasks', 'run', 'exampleDag', 'add_gcp_connection_python', 'manual__2022-09-27T08:44:33.704716+00:00', '--job-id', '32', '--raw', '--subdir', 'DAGS_FOLDER/simple_numpy_***.py', '--cfg-path', '/tmp/tmpu0tnigng', '--error-file', '/tmp/tmp6n9yu9k3']
[2022-09-27 08:44:37,218] {standard_task_runner.py:77} INFO - Job 32: Subtask add_gcp_connection_python
[2022-09-27 08:44:37,292] {logging_mixin.py:109} INFO - Running <TaskInstance: exampleDag.add_gcp_connection_python manual__2022-09-27T08:44:33.704716+00:00 [running]> on host 24a0396a8e53
[2022-09-27 08:44:37,371] {taskinstance.py:1426} INFO - Exporting the following env vars:
AIRFLOW_CTX_DAG_OWNER=***
AIRFLOW_CTX_DAG_ID=exampleDag
AIRFLOW_CTX_TASK_ID=add_gcp_connection_python
AIRFLOW_CTX_EXECUTION_DATE=2022-09-27T08:44:33.704716+00:00
AIRFLOW_CTX_DAG_RUN_ID=manual__2022-09-27T08:44:33.704716+00:00
[2022-09-27 08:44:37,374] {warnings.py:110} WARNING - /home/***/.local/lib/python3.7/site-packages/***/utils/context.py:152: AirflowContextDeprecationWarning: Accessing 'execution_date' from the template is deprecated and will be removed in a future version. Please use 'data_interval_start' or 'logical_date' instead.
  warnings.warn(_create_deprecation_warning(key, self._deprecation_replacements[key]))

[2022-09-27 08:44:37,375] {warnings.py:110} WARNING - /home/***/.local/lib/python3.7/site-packages/***/utils/context.py:152: AirflowContextDeprecationWarning: Accessing 'next_ds' from the template is deprecated and will be removed in a future version. Please use '{{ data_interval_end | ds }}' instead.
  warnings.warn(_create_deprecation_warning(key, self._deprecation_replacements[key]))

[2022-09-27 08:44:37,376] {warnings.py:110} WARNING - /home/***/.local/lib/python3.7/site-packages/***/utils/context.py:152: AirflowContextDeprecationWarning: Accessing 'next_ds_nodash' from the template is deprecated and will be removed in a future version. Please use '{{ data_interval_end | ds_nodash }}' instead.
  warnings.warn(_create_deprecation_warning(key, self._deprecation_replacements[key]))

[2022-09-27 08:44:37,377] {warnings.py:110} WARNING - /home/***/.local/lib/python3.7/site-packages/***/utils/context.py:152: AirflowContextDeprecationWarning: Accessing 'next_execution_date' from the template is deprecated and will be removed in a future version. Please use 'data_interval_end' instead.
  warnings.warn(_create_deprecation_warning(key, self._deprecation_replacements[key]))

[2022-09-27 08:44:37,378] {warnings.py:110} WARNING - /home/***/.local/lib/python3.7/site-packages/***/utils/context.py:152: AirflowContextDeprecationWarning: Accessing 'prev_ds' from the template is deprecated and will be removed in a future version.
  warnings.warn(_create_deprecation_warning(key, self._deprecation_replacements[key]))

[2022-09-27 08:44:37,378] {warnings.py:110} WARNING - /home/***/.local/lib/python3.7/site-packages/***/utils/context.py:152: AirflowContextDeprecationWarning: Accessing 'prev_ds_nodash' from the template is deprecated and will be removed in a future version.
  warnings.warn(_create_deprecation_warning(key, self._deprecation_replacements[key]))

[2022-09-27 08:44:37,379] {warnings.py:110} WARNING - /home/***/.local/lib/python3.7/site-packages/***/utils/context.py:152: AirflowContextDeprecationWarning: Accessing 'prev_execution_date' from the template is deprecated and will be removed in a future version.
  warnings.warn(_create_deprecation_warning(key, self._deprecation_replacements[key]))

[2022-09-27 08:44:37,380] {warnings.py:110} WARNING - /home/***/.local/lib/python3.7/site-packages/***/utils/context.py:152: AirflowContextDeprecationWarning: Accessing 'prev_execution_date_success' from the template is deprecated and will be removed in a future version. Please use 'prev_data_interval_start_success' instead.
  warnings.warn(_create_deprecation_warning(key, self._deprecation_replacements[key]))

[2022-09-27 08:44:37,381] {warnings.py:110} WARNING - /home/***/.local/lib/python3.7/site-packages/***/utils/context.py:152: AirflowContextDeprecationWarning: Accessing 'tomorrow_ds' from the template is deprecated and will be removed in a future version.
  warnings.warn(_create_deprecation_warning(key, self._deprecation_replacements[key]))

[2022-09-27 08:44:37,382] {warnings.py:110} WARNING - /home/***/.local/lib/python3.7/site-packages/***/utils/context.py:152: AirflowContextDeprecationWarning: Accessing 'tomorrow_ds_nodash' from the template is deprecated and will be removed in a future version.
  warnings.warn(_create_deprecation_warning(key, self._deprecation_replacements[key]))

[2022-09-27 08:44:37,383] {warnings.py:110} WARNING - /home/***/.local/lib/python3.7/site-packages/***/utils/context.py:152: AirflowContextDeprecationWarning: Accessing 'yesterday_ds' from the template is deprecated and will be removed in a future version.
  warnings.warn(_create_deprecation_warning(key, self._deprecation_replacements[key]))

[2022-09-27 08:44:37,384] {warnings.py:110} WARNING - /home/***/.local/lib/python3.7/site-packages/***/utils/context.py:152: AirflowContextDeprecationWarning: Accessing 'yesterday_ds_nodash' from the template is deprecated and will be removed in a future version.
  warnings.warn(_create_deprecation_warning(key, self._deprecation_replacements[key]))

[2022-09-27 08:44:37,398] {crypto.py:82} WARNING - empty cryptography key - values will not be stored encrypted.
[2022-09-27 08:44:37,400] {python.py:175} INFO - Done. Returned value was: None
[2022-09-27 08:44:37,414] {taskinstance.py:1277} INFO - Marking task as SUCCESS. dag_id=exampleDag, task_id=add_gcp_connection_python, execution_date=20220927T084433, start_date=20220927T084437, end_date=20220927T084437
[2022-09-27 08:44:37,472] {local_task_job.py:154} INFO - Task exited with return code 0
[2022-09-27 08:44:37,531] {local_task_job.py:264} INFO - 1 downstream tasks scheduled from follow-on schedule check
