[2022-09-25 07:25:15,382] {taskinstance.py:1032} INFO - Dependencies all met for <TaskInstance: data_ingestion_gcs_dag.download_dataset_task scheduled__2022-09-23T00:00:00+00:00 [queued]>
[2022-09-25 07:25:15,390] {taskinstance.py:1032} INFO - Dependencies all met for <TaskInstance: data_ingestion_gcs_dag.download_dataset_task scheduled__2022-09-23T00:00:00+00:00 [queued]>
[2022-09-25 07:25:15,391] {taskinstance.py:1238} INFO - 
--------------------------------------------------------------------------------
[2022-09-25 07:25:15,391] {taskinstance.py:1239} INFO - Starting attempt 1 of 2
[2022-09-25 07:25:15,392] {taskinstance.py:1240} INFO - 
--------------------------------------------------------------------------------
[2022-09-25 07:25:15,402] {taskinstance.py:1259} INFO - Executing <Task(BashOperator): download_dataset_task> on 2022-09-23 00:00:00+00:00
[2022-09-25 07:25:15,406] {standard_task_runner.py:52} INFO - Started process 65 to run task
[2022-09-25 07:25:15,409] {standard_task_runner.py:76} INFO - Running: ['***', 'tasks', 'run', 'data_ingestion_gcs_dag', 'download_dataset_task', 'scheduled__2022-09-23T00:00:00+00:00', '--job-id', '10', '--raw', '--subdir', 'DAGS_FOLDER/data_ingestion_gcs_dag.py', '--cfg-path', '/tmp/tmps8c0yk_j', '--error-file', '/tmp/tmpfnqbwfz_']
[2022-09-25 07:25:15,414] {standard_task_runner.py:77} INFO - Job 10: Subtask download_dataset_task
[2022-09-25 07:25:15,465] {logging_mixin.py:109} INFO - Running <TaskInstance: data_ingestion_gcs_dag.download_dataset_task scheduled__2022-09-23T00:00:00+00:00 [running]> on host 06c5d6408203
[2022-09-25 07:25:15,515] {taskinstance.py:1426} INFO - Exporting the following env vars:
AIRFLOW_CTX_DAG_OWNER=***
AIRFLOW_CTX_DAG_ID=data_ingestion_gcs_dag
AIRFLOW_CTX_TASK_ID=download_dataset_task
AIRFLOW_CTX_EXECUTION_DATE=2022-09-23T00:00:00+00:00
AIRFLOW_CTX_DAG_RUN_ID=scheduled__2022-09-23T00:00:00+00:00
[2022-09-25 07:25:15,516] {subprocess.py:62} INFO - Tmp dir root location: 
 /tmp
[2022-09-25 07:25:15,517] {subprocess.py:74} INFO - Running command: ['bash', '-c', 'curl -sSL https://people.sc.fsu.edu/~jburkardt/data/csv//yellow_tripdata_2021-01.csv > /opt/***//yellow_tripdata_2021-01.csv']
[2022-09-25 07:25:15,525] {subprocess.py:85} INFO - Output:
[2022-09-25 07:25:18,778] {subprocess.py:93} INFO - Command exited with return code 0
[2022-09-25 07:25:18,858] {taskinstance.py:1277} INFO - Marking task as SUCCESS. dag_id=data_ingestion_gcs_dag, task_id=download_dataset_task, execution_date=20220923T000000, start_date=20220925T072515, end_date=20220925T072518
[2022-09-25 07:25:18,932] {local_task_job.py:154} INFO - Task exited with return code 0
[2022-09-25 07:25:18,982] {local_task_job.py:264} INFO - 1 downstream tasks scheduled from follow-on schedule check
