[2022-09-27 09:00:57,746] {taskinstance.py:1032} INFO - Dependencies all met for <TaskInstance: exampleDag.simpleNumpyToGCS manual__2022-09-27T09:00:54.923889+00:00 [queued]>
[2022-09-27 09:00:57,758] {taskinstance.py:1032} INFO - Dependencies all met for <TaskInstance: exampleDag.simpleNumpyToGCS manual__2022-09-27T09:00:54.923889+00:00 [queued]>
[2022-09-27 09:00:57,758] {taskinstance.py:1238} INFO - 
--------------------------------------------------------------------------------
[2022-09-27 09:00:57,759] {taskinstance.py:1239} INFO - Starting attempt 1 of 2
[2022-09-27 09:00:57,759] {taskinstance.py:1240} INFO - 
--------------------------------------------------------------------------------
[2022-09-27 09:00:57,770] {taskinstance.py:1259} INFO - Executing <Task(PythonOperator): simpleNumpyToGCS> on 2022-09-27 09:00:54.923889+00:00
[2022-09-27 09:00:57,777] {standard_task_runner.py:52} INFO - Started process 908 to run task
[2022-09-27 09:00:57,782] {standard_task_runner.py:76} INFO - Running: ['***', 'tasks', 'run', 'exampleDag', 'simpleNumpyToGCS', 'manual__2022-09-27T09:00:54.923889+00:00', '--job-id', '37', '--raw', '--subdir', 'DAGS_FOLDER/simple_numpy_***.py', '--cfg-path', '/tmp/tmpflt_yykt', '--error-file', '/tmp/tmp9_pvug9j']
[2022-09-27 09:00:57,783] {standard_task_runner.py:77} INFO - Job 37: Subtask simpleNumpyToGCS
[2022-09-27 09:00:57,893] {logging_mixin.py:109} INFO - Running <TaskInstance: exampleDag.simpleNumpyToGCS manual__2022-09-27T09:00:54.923889+00:00 [running]> on host 24a0396a8e53
[2022-09-27 09:00:57,956] {taskinstance.py:1426} INFO - Exporting the following env vars:
AIRFLOW_CTX_DAG_OWNER=***
AIRFLOW_CTX_DAG_ID=exampleDag
AIRFLOW_CTX_TASK_ID=simpleNumpyToGCS
AIRFLOW_CTX_EXECUTION_DATE=2022-09-27T09:00:54.923889+00:00
AIRFLOW_CTX_DAG_RUN_ID=manual__2022-09-27T09:00:54.923889+00:00
[2022-09-27 09:00:57,958] {warnings.py:110} WARNING - /home/***/.local/lib/python3.7/site-packages/***/utils/context.py:152: AirflowContextDeprecationWarning: Accessing 'execution_date' from the template is deprecated and will be removed in a future version. Please use 'data_interval_start' or 'logical_date' instead.
  warnings.warn(_create_deprecation_warning(key, self._deprecation_replacements[key]))

[2022-09-27 09:00:57,958] {warnings.py:110} WARNING - /home/***/.local/lib/python3.7/site-packages/***/utils/context.py:152: AirflowContextDeprecationWarning: Accessing 'next_ds' from the template is deprecated and will be removed in a future version. Please use '{{ data_interval_end | ds }}' instead.
  warnings.warn(_create_deprecation_warning(key, self._deprecation_replacements[key]))

[2022-09-27 09:00:57,959] {warnings.py:110} WARNING - /home/***/.local/lib/python3.7/site-packages/***/utils/context.py:152: AirflowContextDeprecationWarning: Accessing 'next_ds_nodash' from the template is deprecated and will be removed in a future version. Please use '{{ data_interval_end | ds_nodash }}' instead.
  warnings.warn(_create_deprecation_warning(key, self._deprecation_replacements[key]))

[2022-09-27 09:00:57,960] {warnings.py:110} WARNING - /home/***/.local/lib/python3.7/site-packages/***/utils/context.py:152: AirflowContextDeprecationWarning: Accessing 'next_execution_date' from the template is deprecated and will be removed in a future version. Please use 'data_interval_end' instead.
  warnings.warn(_create_deprecation_warning(key, self._deprecation_replacements[key]))

[2022-09-27 09:00:57,960] {warnings.py:110} WARNING - /home/***/.local/lib/python3.7/site-packages/***/utils/context.py:152: AirflowContextDeprecationWarning: Accessing 'prev_ds' from the template is deprecated and will be removed in a future version.
  warnings.warn(_create_deprecation_warning(key, self._deprecation_replacements[key]))

[2022-09-27 09:00:57,961] {warnings.py:110} WARNING - /home/***/.local/lib/python3.7/site-packages/***/utils/context.py:152: AirflowContextDeprecationWarning: Accessing 'prev_ds_nodash' from the template is deprecated and will be removed in a future version.
  warnings.warn(_create_deprecation_warning(key, self._deprecation_replacements[key]))

[2022-09-27 09:00:57,962] {warnings.py:110} WARNING - /home/***/.local/lib/python3.7/site-packages/***/utils/context.py:152: AirflowContextDeprecationWarning: Accessing 'prev_execution_date' from the template is deprecated and will be removed in a future version.
  warnings.warn(_create_deprecation_warning(key, self._deprecation_replacements[key]))

[2022-09-27 09:00:57,962] {warnings.py:110} WARNING - /home/***/.local/lib/python3.7/site-packages/***/utils/context.py:152: AirflowContextDeprecationWarning: Accessing 'prev_execution_date_success' from the template is deprecated and will be removed in a future version. Please use 'prev_data_interval_start_success' instead.
  warnings.warn(_create_deprecation_warning(key, self._deprecation_replacements[key]))

[2022-09-27 09:00:57,963] {warnings.py:110} WARNING - /home/***/.local/lib/python3.7/site-packages/***/utils/context.py:152: AirflowContextDeprecationWarning: Accessing 'tomorrow_ds' from the template is deprecated and will be removed in a future version.
  warnings.warn(_create_deprecation_warning(key, self._deprecation_replacements[key]))

[2022-09-27 09:00:57,963] {warnings.py:110} WARNING - /home/***/.local/lib/python3.7/site-packages/***/utils/context.py:152: AirflowContextDeprecationWarning: Accessing 'tomorrow_ds_nodash' from the template is deprecated and will be removed in a future version.
  warnings.warn(_create_deprecation_warning(key, self._deprecation_replacements[key]))

[2022-09-27 09:00:57,964] {warnings.py:110} WARNING - /home/***/.local/lib/python3.7/site-packages/***/utils/context.py:152: AirflowContextDeprecationWarning: Accessing 'yesterday_ds' from the template is deprecated and will be removed in a future version.
  warnings.warn(_create_deprecation_warning(key, self._deprecation_replacements[key]))

[2022-09-27 09:00:57,964] {warnings.py:110} WARNING - /home/***/.local/lib/python3.7/site-packages/***/utils/context.py:152: AirflowContextDeprecationWarning: Accessing 'yesterday_ds_nodash' from the template is deprecated and will be removed in a future version.
  warnings.warn(_create_deprecation_warning(key, self._deprecation_replacements[key]))

[2022-09-27 09:00:57,966] {crypto.py:82} WARNING - empty cryptography key - values will not be stored encrypted.
[2022-09-27 09:00:58,991] {gcs.py:486} INFO - File example1.csv uploaded to ***/example_***.csv in fellowship_77 bucket
[2022-09-27 09:00:58,992] {python.py:175} INFO - Done. Returned value was: None
[2022-09-27 09:00:59,010] {taskinstance.py:1277} INFO - Marking task as SUCCESS. dag_id=exampleDag, task_id=simpleNumpyToGCS, execution_date=20220927T090054, start_date=20220927T090057, end_date=20220927T090059
[2022-09-27 09:00:59,042] {local_task_job.py:154} INFO - Task exited with return code 0
[2022-09-27 09:00:59,081] {local_task_job.py:264} INFO - 0 downstream tasks scheduled from follow-on schedule check
