[2022-10-18 04:52:09,242] {taskinstance.py:1032} INFO - Dependencies all met for <TaskInstance: data_ingestion_gcs_dag.local_to_gcs_task manual__2022-10-18T04:51:57.681844+00:00 [queued]>
[2022-10-18 04:52:09,255] {taskinstance.py:1032} INFO - Dependencies all met for <TaskInstance: data_ingestion_gcs_dag.local_to_gcs_task manual__2022-10-18T04:51:57.681844+00:00 [queued]>
[2022-10-18 04:52:09,256] {taskinstance.py:1238} INFO - 
--------------------------------------------------------------------------------
[2022-10-18 04:52:09,256] {taskinstance.py:1239} INFO - Starting attempt 1 of 2
[2022-10-18 04:52:09,257] {taskinstance.py:1240} INFO - 
--------------------------------------------------------------------------------
[2022-10-18 04:52:09,276] {taskinstance.py:1259} INFO - Executing <Task(PythonOperator): local_to_gcs_task> on 2022-10-18 04:51:57.681844+00:00
[2022-10-18 04:52:09,282] {standard_task_runner.py:52} INFO - Started process 151 to run task
[2022-10-18 04:52:09,286] {standard_task_runner.py:76} INFO - Running: ['***', 'tasks', 'run', 'data_ingestion_gcs_dag', 'local_to_gcs_task', 'manual__2022-10-18T04:51:57.681844+00:00', '--job-id', '87', '--raw', '--subdir', 'DAGS_FOLDER/data_ingestion_gcs_dag.py', '--cfg-path', '/tmp/tmpkc4nqbyz', '--error-file', '/tmp/tmpxazixw1k']
[2022-10-18 04:52:09,287] {standard_task_runner.py:77} INFO - Job 87: Subtask local_to_gcs_task
[2022-10-18 04:52:09,360] {logging_mixin.py:109} INFO - Running <TaskInstance: data_ingestion_gcs_dag.local_to_gcs_task manual__2022-10-18T04:51:57.681844+00:00 [running]> on host aa6ed6516576
[2022-10-18 04:52:09,430] {taskinstance.py:1426} INFO - Exporting the following env vars:
AIRFLOW_CTX_DAG_OWNER=***
AIRFLOW_CTX_DAG_ID=data_ingestion_gcs_dag
AIRFLOW_CTX_TASK_ID=local_to_gcs_task
AIRFLOW_CTX_EXECUTION_DATE=2022-10-18T04:51:57.681844+00:00
AIRFLOW_CTX_DAG_RUN_ID=manual__2022-10-18T04:51:57.681844+00:00
[2022-10-18 04:52:10,398] {python.py:175} INFO - Done. Returned value was: None
[2022-10-18 04:52:10,413] {taskinstance.py:1277} INFO - Marking task as SUCCESS. dag_id=data_ingestion_gcs_dag, task_id=local_to_gcs_task, execution_date=20221018T045157, start_date=20221018T045209, end_date=20221018T045210
[2022-10-18 04:52:10,464] {local_task_job.py:154} INFO - Task exited with return code 0
[2022-10-18 04:52:10,497] {local_task_job.py:264} INFO - 0 downstream tasks scheduled from follow-on schedule check
