[2022-09-27 09:58:58,431] {taskinstance.py:1032} INFO - Dependencies all met for <TaskInstance: exampleDag.bigquery_external_table_task manual__2022-09-27T09:53:50.927638+00:00 [queued]>
[2022-09-27 09:58:58,447] {taskinstance.py:1032} INFO - Dependencies all met for <TaskInstance: exampleDag.bigquery_external_table_task manual__2022-09-27T09:53:50.927638+00:00 [queued]>
[2022-09-27 09:58:58,448] {taskinstance.py:1238} INFO - 
--------------------------------------------------------------------------------
[2022-09-27 09:58:58,449] {taskinstance.py:1239} INFO - Starting attempt 2 of 2
[2022-09-27 09:58:58,449] {taskinstance.py:1240} INFO - 
--------------------------------------------------------------------------------
[2022-09-27 09:58:58,463] {taskinstance.py:1259} INFO - Executing <Task(BigQueryCreateExternalTableOperator): bigquery_external_table_task> on 2022-09-27 09:53:50.927638+00:00
[2022-09-27 09:58:58,526] {standard_task_runner.py:52} INFO - Started process 3381 to run task
[2022-09-27 09:58:58,531] {standard_task_runner.py:76} INFO - Running: ['***', 'tasks', 'run', 'exampleDag', 'bigquery_external_table_task', 'manual__2022-09-27T09:53:50.927638+00:00', '--job-id', '53', '--raw', '--subdir', 'DAGS_FOLDER/simple_numpy_***.py', '--cfg-path', '/tmp/tmpnk6ph3z9', '--error-file', '/tmp/tmp1qbc52rl']
[2022-09-27 09:58:58,532] {standard_task_runner.py:77} INFO - Job 53: Subtask bigquery_external_table_task
[2022-09-27 09:58:58,601] {logging_mixin.py:109} INFO - Running <TaskInstance: exampleDag.bigquery_external_table_task manual__2022-09-27T09:53:50.927638+00:00 [running]> on host 24a0396a8e53
[2022-09-27 09:58:58,670] {taskinstance.py:1426} INFO - Exporting the following env vars:
AIRFLOW_CTX_DAG_OWNER=***
AIRFLOW_CTX_DAG_ID=exampleDag
AIRFLOW_CTX_TASK_ID=bigquery_external_table_task
AIRFLOW_CTX_EXECUTION_DATE=2022-09-27T09:53:50.927638+00:00
AIRFLOW_CTX_DAG_RUN_ID=manual__2022-09-27T09:53:50.927638+00:00
[2022-09-27 09:58:58,672] {crypto.py:82} WARNING - empty cryptography key - values will not be stored encrypted.
[2022-09-27 09:59:00,019] {taskinstance.py:1277} INFO - Marking task as SUCCESS. dag_id=exampleDag, task_id=bigquery_external_table_task, execution_date=20220927T095350, start_date=20220927T095858, end_date=20220927T095900
[2022-09-27 09:59:00,069] {local_task_job.py:154} INFO - Task exited with return code 0
[2022-09-27 09:59:00,123] {local_task_job.py:264} INFO - 0 downstream tasks scheduled from follow-on schedule check
