[2022-09-27 07:48:00,117] {taskinstance.py:1032} INFO - Dependencies all met for <TaskInstance: exampleDag.simpleNumpyToGCS scheduled__2022-09-26T07:47:30.517616+00:00 [queued]>
[2022-09-27 07:48:00,143] {taskinstance.py:1032} INFO - Dependencies all met for <TaskInstance: exampleDag.simpleNumpyToGCS scheduled__2022-09-26T07:47:30.517616+00:00 [queued]>
[2022-09-27 07:48:00,145] {taskinstance.py:1238} INFO - 
--------------------------------------------------------------------------------
[2022-09-27 07:48:00,145] {taskinstance.py:1239} INFO - Starting attempt 1 of 2
[2022-09-27 07:48:00,146] {taskinstance.py:1240} INFO - 
--------------------------------------------------------------------------------
[2022-09-27 07:48:00,175] {taskinstance.py:1259} INFO - Executing <Task(PythonOperator): simpleNumpyToGCS> on 2022-09-26 07:47:30.517616+00:00
[2022-09-27 07:48:00,186] {standard_task_runner.py:52} INFO - Started process 110 to run task
[2022-09-27 07:48:00,193] {standard_task_runner.py:76} INFO - Running: ['***', 'tasks', 'run', 'exampleDag', 'simpleNumpyToGCS', 'scheduled__2022-09-26T07:47:30.517616+00:00', '--job-id', '27', '--raw', '--subdir', 'DAGS_FOLDER/simple_numpy_***.py', '--cfg-path', '/tmp/tmppmvqjbny', '--error-file', '/tmp/tmpbvr6exty']
[2022-09-27 07:48:00,194] {standard_task_runner.py:77} INFO - Job 27: Subtask simpleNumpyToGCS
[2022-09-27 07:48:00,334] {logging_mixin.py:109} INFO - Running <TaskInstance: exampleDag.simpleNumpyToGCS scheduled__2022-09-26T07:47:30.517616+00:00 [running]> on host 662296d9708f
[2022-09-27 07:48:00,523] {taskinstance.py:1426} INFO - Exporting the following env vars:
AIRFLOW_CTX_DAG_OWNER=***
AIRFLOW_CTX_DAG_ID=exampleDag
AIRFLOW_CTX_TASK_ID=simpleNumpyToGCS
AIRFLOW_CTX_EXECUTION_DATE=2022-09-26T07:47:30.517616+00:00
AIRFLOW_CTX_DAG_RUN_ID=scheduled__2022-09-26T07:47:30.517616+00:00
[2022-09-27 07:48:00,530] {warnings.py:110} WARNING - /home/***/.local/lib/python3.7/site-packages/***/utils/context.py:152: AirflowContextDeprecationWarning: Accessing 'execution_date' from the template is deprecated and will be removed in a future version. Please use 'data_interval_start' or 'logical_date' instead.
  warnings.warn(_create_deprecation_warning(key, self._deprecation_replacements[key]))

[2022-09-27 07:48:00,531] {warnings.py:110} WARNING - /home/***/.local/lib/python3.7/site-packages/***/utils/context.py:152: AirflowContextDeprecationWarning: Accessing 'next_ds' from the template is deprecated and will be removed in a future version. Please use '{{ data_interval_end | ds }}' instead.
  warnings.warn(_create_deprecation_warning(key, self._deprecation_replacements[key]))

[2022-09-27 07:48:00,532] {warnings.py:110} WARNING - /home/***/.local/lib/python3.7/site-packages/***/utils/context.py:152: AirflowContextDeprecationWarning: Accessing 'next_ds_nodash' from the template is deprecated and will be removed in a future version. Please use '{{ data_interval_end | ds_nodash }}' instead.
  warnings.warn(_create_deprecation_warning(key, self._deprecation_replacements[key]))

[2022-09-27 07:48:00,533] {warnings.py:110} WARNING - /home/***/.local/lib/python3.7/site-packages/***/utils/context.py:152: AirflowContextDeprecationWarning: Accessing 'next_execution_date' from the template is deprecated and will be removed in a future version. Please use 'data_interval_end' instead.
  warnings.warn(_create_deprecation_warning(key, self._deprecation_replacements[key]))

[2022-09-27 07:48:00,533] {warnings.py:110} WARNING - /home/***/.local/lib/python3.7/site-packages/***/utils/context.py:152: AirflowContextDeprecationWarning: Accessing 'prev_ds' from the template is deprecated and will be removed in a future version.
  warnings.warn(_create_deprecation_warning(key, self._deprecation_replacements[key]))

[2022-09-27 07:48:00,534] {warnings.py:110} WARNING - /home/***/.local/lib/python3.7/site-packages/***/utils/context.py:152: AirflowContextDeprecationWarning: Accessing 'prev_ds_nodash' from the template is deprecated and will be removed in a future version.
  warnings.warn(_create_deprecation_warning(key, self._deprecation_replacements[key]))

[2022-09-27 07:48:00,535] {warnings.py:110} WARNING - /home/***/.local/lib/python3.7/site-packages/***/utils/context.py:152: AirflowContextDeprecationWarning: Accessing 'prev_execution_date' from the template is deprecated and will be removed in a future version.
  warnings.warn(_create_deprecation_warning(key, self._deprecation_replacements[key]))

[2022-09-27 07:48:00,536] {warnings.py:110} WARNING - /home/***/.local/lib/python3.7/site-packages/***/utils/context.py:152: AirflowContextDeprecationWarning: Accessing 'prev_execution_date_success' from the template is deprecated and will be removed in a future version. Please use 'prev_data_interval_start_success' instead.
  warnings.warn(_create_deprecation_warning(key, self._deprecation_replacements[key]))

[2022-09-27 07:48:00,537] {warnings.py:110} WARNING - /home/***/.local/lib/python3.7/site-packages/***/utils/context.py:152: AirflowContextDeprecationWarning: Accessing 'tomorrow_ds' from the template is deprecated and will be removed in a future version.
  warnings.warn(_create_deprecation_warning(key, self._deprecation_replacements[key]))

[2022-09-27 07:48:00,537] {warnings.py:110} WARNING - /home/***/.local/lib/python3.7/site-packages/***/utils/context.py:152: AirflowContextDeprecationWarning: Accessing 'tomorrow_ds_nodash' from the template is deprecated and will be removed in a future version.
  warnings.warn(_create_deprecation_warning(key, self._deprecation_replacements[key]))

[2022-09-27 07:48:00,538] {warnings.py:110} WARNING - /home/***/.local/lib/python3.7/site-packages/***/utils/context.py:152: AirflowContextDeprecationWarning: Accessing 'yesterday_ds' from the template is deprecated and will be removed in a future version.
  warnings.warn(_create_deprecation_warning(key, self._deprecation_replacements[key]))

[2022-09-27 07:48:00,538] {warnings.py:110} WARNING - /home/***/.local/lib/python3.7/site-packages/***/utils/context.py:152: AirflowContextDeprecationWarning: Accessing 'yesterday_ds_nodash' from the template is deprecated and will be removed in a future version.
  warnings.warn(_create_deprecation_warning(key, self._deprecation_replacements[key]))

[2022-09-27 07:48:00,540] {crypto.py:82} WARNING - empty cryptography key - values will not be stored encrypted.
[2022-09-27 07:48:01,591] {gcs.py:486} INFO - File example1.csv uploaded to ***/example_***.csv in fellowship_77 bucket
[2022-09-27 07:48:01,616] {python.py:175} INFO - Done. Returned value was: None
[2022-09-27 07:48:01,663] {taskinstance.py:1277} INFO - Marking task as SUCCESS. dag_id=exampleDag, task_id=simpleNumpyToGCS, execution_date=20220926T074730, start_date=20220927T074800, end_date=20220927T074801
[2022-09-27 07:48:01,790] {local_task_job.py:154} INFO - Task exited with return code 0
[2022-09-27 07:48:01,937] {local_task_job.py:264} INFO - 0 downstream tasks scheduled from follow-on schedule check
