[2022-09-27 09:55:22,844] {taskinstance.py:1032} INFO - Dependencies all met for <TaskInstance: exampleDag.bigquery_external_table_task manual__2022-09-27T09:55:18.215090+00:00 [queued]>
[2022-09-27 09:55:22,860] {taskinstance.py:1032} INFO - Dependencies all met for <TaskInstance: exampleDag.bigquery_external_table_task manual__2022-09-27T09:55:18.215090+00:00 [queued]>
[2022-09-27 09:55:22,860] {taskinstance.py:1238} INFO - 
--------------------------------------------------------------------------------
[2022-09-27 09:55:22,861] {taskinstance.py:1239} INFO - Starting attempt 1 of 2
[2022-09-27 09:55:22,862] {taskinstance.py:1240} INFO - 
--------------------------------------------------------------------------------
[2022-09-27 09:55:22,878] {taskinstance.py:1259} INFO - Executing <Task(BigQueryCreateExternalTableOperator): bigquery_external_table_task> on 2022-09-27 09:55:18.215090+00:00
[2022-09-27 09:55:22,884] {standard_task_runner.py:52} INFO - Started process 3225 to run task
[2022-09-27 09:55:22,894] {standard_task_runner.py:76} INFO - Running: ['***', 'tasks', 'run', 'exampleDag', 'bigquery_external_table_task', 'manual__2022-09-27T09:55:18.215090+00:00', '--job-id', '50', '--raw', '--subdir', 'DAGS_FOLDER/simple_numpy_***.py', '--cfg-path', '/tmp/tmp82plguz9', '--error-file', '/tmp/tmps6x_4yec']
[2022-09-27 09:55:22,896] {standard_task_runner.py:77} INFO - Job 50: Subtask bigquery_external_table_task
[2022-09-27 09:55:23,049] {logging_mixin.py:109} INFO - Running <TaskInstance: exampleDag.bigquery_external_table_task manual__2022-09-27T09:55:18.215090+00:00 [running]> on host 24a0396a8e53
[2022-09-27 09:55:23,154] {taskinstance.py:1426} INFO - Exporting the following env vars:
AIRFLOW_CTX_DAG_OWNER=***
AIRFLOW_CTX_DAG_ID=exampleDag
AIRFLOW_CTX_TASK_ID=bigquery_external_table_task
AIRFLOW_CTX_EXECUTION_DATE=2022-09-27T09:55:18.215090+00:00
AIRFLOW_CTX_DAG_RUN_ID=manual__2022-09-27T09:55:18.215090+00:00
[2022-09-27 09:55:23,157] {crypto.py:82} WARNING - empty cryptography key - values will not be stored encrypted.
[2022-09-27 09:55:24,340] {taskinstance.py:1277} INFO - Marking task as SUCCESS. dag_id=exampleDag, task_id=bigquery_external_table_task, execution_date=20220927T095518, start_date=20220927T095522, end_date=20220927T095524
[2022-09-27 09:55:24,363] {local_task_job.py:154} INFO - Task exited with return code 0
[2022-09-27 09:55:24,405] {local_task_job.py:264} INFO - 0 downstream tasks scheduled from follow-on schedule check
