[2022-09-27 09:53:52,409] {taskinstance.py:1032} INFO - Dependencies all met for <TaskInstance: exampleDag.simpleNumpyToGCS manual__2022-09-27T09:53:50.927638+00:00 [queued]>
[2022-09-27 09:53:52,425] {taskinstance.py:1032} INFO - Dependencies all met for <TaskInstance: exampleDag.simpleNumpyToGCS manual__2022-09-27T09:53:50.927638+00:00 [queued]>
[2022-09-27 09:53:52,426] {taskinstance.py:1238} INFO - 
--------------------------------------------------------------------------------
[2022-09-27 09:53:52,426] {taskinstance.py:1239} INFO - Starting attempt 1 of 2
[2022-09-27 09:53:52,427] {taskinstance.py:1240} INFO - 
--------------------------------------------------------------------------------
[2022-09-27 09:53:52,442] {taskinstance.py:1259} INFO - Executing <Task(PythonOperator): simpleNumpyToGCS> on 2022-09-27 09:53:50.927638+00:00
[2022-09-27 09:53:52,448] {standard_task_runner.py:52} INFO - Started process 3153 to run task
[2022-09-27 09:53:52,453] {standard_task_runner.py:76} INFO - Running: ['***', 'tasks', 'run', 'exampleDag', 'simpleNumpyToGCS', 'manual__2022-09-27T09:53:50.927638+00:00', '--job-id', '47', '--raw', '--subdir', 'DAGS_FOLDER/simple_numpy_***.py', '--cfg-path', '/tmp/tmpig8y6vt0', '--error-file', '/tmp/tmpd1vx0jwm']
[2022-09-27 09:53:52,456] {standard_task_runner.py:77} INFO - Job 47: Subtask simpleNumpyToGCS
[2022-09-27 09:53:52,568] {logging_mixin.py:109} INFO - Running <TaskInstance: exampleDag.simpleNumpyToGCS manual__2022-09-27T09:53:50.927638+00:00 [running]> on host 24a0396a8e53
[2022-09-27 09:53:52,671] {taskinstance.py:1426} INFO - Exporting the following env vars:
AIRFLOW_CTX_DAG_OWNER=***
AIRFLOW_CTX_DAG_ID=exampleDag
AIRFLOW_CTX_TASK_ID=simpleNumpyToGCS
AIRFLOW_CTX_EXECUTION_DATE=2022-09-27T09:53:50.927638+00:00
AIRFLOW_CTX_DAG_RUN_ID=manual__2022-09-27T09:53:50.927638+00:00
[2022-09-27 09:53:52,673] {warnings.py:110} WARNING - /home/***/.local/lib/python3.7/site-packages/***/utils/context.py:152: AirflowContextDeprecationWarning: Accessing 'execution_date' from the template is deprecated and will be removed in a future version. Please use 'data_interval_start' or 'logical_date' instead.
  warnings.warn(_create_deprecation_warning(key, self._deprecation_replacements[key]))

[2022-09-27 09:53:52,674] {warnings.py:110} WARNING - /home/***/.local/lib/python3.7/site-packages/***/utils/context.py:152: AirflowContextDeprecationWarning: Accessing 'next_ds' from the template is deprecated and will be removed in a future version. Please use '{{ data_interval_end | ds }}' instead.
  warnings.warn(_create_deprecation_warning(key, self._deprecation_replacements[key]))

[2022-09-27 09:53:52,675] {warnings.py:110} WARNING - /home/***/.local/lib/python3.7/site-packages/***/utils/context.py:152: AirflowContextDeprecationWarning: Accessing 'next_ds_nodash' from the template is deprecated and will be removed in a future version. Please use '{{ data_interval_end | ds_nodash }}' instead.
  warnings.warn(_create_deprecation_warning(key, self._deprecation_replacements[key]))

[2022-09-27 09:53:52,676] {warnings.py:110} WARNING - /home/***/.local/lib/python3.7/site-packages/***/utils/context.py:152: AirflowContextDeprecationWarning: Accessing 'next_execution_date' from the template is deprecated and will be removed in a future version. Please use 'data_interval_end' instead.
  warnings.warn(_create_deprecation_warning(key, self._deprecation_replacements[key]))

[2022-09-27 09:53:52,677] {warnings.py:110} WARNING - /home/***/.local/lib/python3.7/site-packages/***/utils/context.py:152: AirflowContextDeprecationWarning: Accessing 'prev_ds' from the template is deprecated and will be removed in a future version.
  warnings.warn(_create_deprecation_warning(key, self._deprecation_replacements[key]))

[2022-09-27 09:53:52,678] {warnings.py:110} WARNING - /home/***/.local/lib/python3.7/site-packages/***/utils/context.py:152: AirflowContextDeprecationWarning: Accessing 'prev_ds_nodash' from the template is deprecated and will be removed in a future version.
  warnings.warn(_create_deprecation_warning(key, self._deprecation_replacements[key]))

[2022-09-27 09:53:52,679] {warnings.py:110} WARNING - /home/***/.local/lib/python3.7/site-packages/***/utils/context.py:152: AirflowContextDeprecationWarning: Accessing 'prev_execution_date' from the template is deprecated and will be removed in a future version.
  warnings.warn(_create_deprecation_warning(key, self._deprecation_replacements[key]))

[2022-09-27 09:53:52,680] {warnings.py:110} WARNING - /home/***/.local/lib/python3.7/site-packages/***/utils/context.py:152: AirflowContextDeprecationWarning: Accessing 'prev_execution_date_success' from the template is deprecated and will be removed in a future version. Please use 'prev_data_interval_start_success' instead.
  warnings.warn(_create_deprecation_warning(key, self._deprecation_replacements[key]))

[2022-09-27 09:53:52,681] {warnings.py:110} WARNING - /home/***/.local/lib/python3.7/site-packages/***/utils/context.py:152: AirflowContextDeprecationWarning: Accessing 'tomorrow_ds' from the template is deprecated and will be removed in a future version.
  warnings.warn(_create_deprecation_warning(key, self._deprecation_replacements[key]))

[2022-09-27 09:53:52,682] {warnings.py:110} WARNING - /home/***/.local/lib/python3.7/site-packages/***/utils/context.py:152: AirflowContextDeprecationWarning: Accessing 'tomorrow_ds_nodash' from the template is deprecated and will be removed in a future version.
  warnings.warn(_create_deprecation_warning(key, self._deprecation_replacements[key]))

[2022-09-27 09:53:52,684] {warnings.py:110} WARNING - /home/***/.local/lib/python3.7/site-packages/***/utils/context.py:152: AirflowContextDeprecationWarning: Accessing 'yesterday_ds' from the template is deprecated and will be removed in a future version.
  warnings.warn(_create_deprecation_warning(key, self._deprecation_replacements[key]))

[2022-09-27 09:53:52,690] {warnings.py:110} WARNING - /home/***/.local/lib/python3.7/site-packages/***/utils/context.py:152: AirflowContextDeprecationWarning: Accessing 'yesterday_ds_nodash' from the template is deprecated and will be removed in a future version.
  warnings.warn(_create_deprecation_warning(key, self._deprecation_replacements[key]))

[2022-09-27 09:53:52,694] {crypto.py:82} WARNING - empty cryptography key - values will not be stored encrypted.
[2022-09-27 09:53:53,852] {gcs.py:486} INFO - File example1.csv uploaded to ***/example_***.csv in fellowship_77 bucket
[2022-09-27 09:53:53,853] {python.py:175} INFO - Done. Returned value was: None
[2022-09-27 09:53:53,879] {taskinstance.py:1277} INFO - Marking task as SUCCESS. dag_id=exampleDag, task_id=simpleNumpyToGCS, execution_date=20220927T095350, start_date=20220927T095352, end_date=20220927T095353
[2022-09-27 09:53:53,996] {local_task_job.py:154} INFO - Task exited with return code 0
[2022-09-27 09:53:54,065] {local_task_job.py:264} INFO - 1 downstream tasks scheduled from follow-on schedule check
