[2022-10-18 04:52:21,740] {taskinstance.py:1032} INFO - Dependencies all met for <TaskInstance: data_ingestion_gcs_dag.format_to_parquet_task scheduled__2022-10-17T00:00:00+00:00 [queued]>
[2022-10-18 04:52:21,752] {taskinstance.py:1032} INFO - Dependencies all met for <TaskInstance: data_ingestion_gcs_dag.format_to_parquet_task scheduled__2022-10-17T00:00:00+00:00 [queued]>
[2022-10-18 04:52:21,753] {taskinstance.py:1238} INFO - 
--------------------------------------------------------------------------------
[2022-10-18 04:52:21,753] {taskinstance.py:1239} INFO - Starting attempt 1 of 2
[2022-10-18 04:52:21,754] {taskinstance.py:1240} INFO - 
--------------------------------------------------------------------------------
[2022-10-18 04:52:21,768] {taskinstance.py:1259} INFO - Executing <Task(PythonOperator): format_to_parquet_task> on 2022-10-17 00:00:00+00:00
[2022-10-18 04:52:21,774] {standard_task_runner.py:52} INFO - Started process 169 to run task
[2022-10-18 04:52:21,777] {standard_task_runner.py:76} INFO - Running: ['***', 'tasks', 'run', 'data_ingestion_gcs_dag', 'format_to_parquet_task', 'scheduled__2022-10-17T00:00:00+00:00', '--job-id', '89', '--raw', '--subdir', 'DAGS_FOLDER/data_ingestion_gcs_dag.py', '--cfg-path', '/tmp/tmpa8yrgruw', '--error-file', '/tmp/tmpfcjyb1ne']
[2022-10-18 04:52:21,780] {standard_task_runner.py:77} INFO - Job 89: Subtask format_to_parquet_task
[2022-10-18 04:52:21,849] {logging_mixin.py:109} INFO - Running <TaskInstance: data_ingestion_gcs_dag.format_to_parquet_task scheduled__2022-10-17T00:00:00+00:00 [running]> on host aa6ed6516576
[2022-10-18 04:52:21,950] {taskinstance.py:1426} INFO - Exporting the following env vars:
AIRFLOW_CTX_DAG_OWNER=***
AIRFLOW_CTX_DAG_ID=data_ingestion_gcs_dag
AIRFLOW_CTX_TASK_ID=format_to_parquet_task
AIRFLOW_CTX_EXECUTION_DATE=2022-10-17T00:00:00+00:00
AIRFLOW_CTX_DAG_RUN_ID=scheduled__2022-10-17T00:00:00+00:00
[2022-10-18 04:52:22,094] {python.py:175} INFO - Done. Returned value was: None
[2022-10-18 04:52:22,132] {taskinstance.py:1277} INFO - Marking task as SUCCESS. dag_id=data_ingestion_gcs_dag, task_id=format_to_parquet_task, execution_date=20221017T000000, start_date=20221018T045221, end_date=20221018T045222
[2022-10-18 04:52:22,192] {local_task_job.py:154} INFO - Task exited with return code 0
[2022-10-18 04:52:22,234] {local_task_job.py:264} INFO - 1 downstream tasks scheduled from follow-on schedule check
